502
00 02486164 B08F 8FD9 EFC3 36EF 11
01 0834B766 2070 798C A087 D2C3 7
02 0BBBA4CF C294 7A86 07B5 AC69 83
02 4B2F5B22 8CC2 14FC 8120 51A4 50
04 21895FCA 2408 87AB 3213 1318 64
06 4B88CF74 9634 F3B5 733C 13FA 100
06 95369647 BDFC 6D52 F5BC A949 45
07 42D6BCE5 6358 E31B E559 F1AD 55
07 5F85003F AD3D 263B 3E2D C270 11
07 97481E36 8B53 F631 E3E5 DE5F 93
07 CE1BEDDD C7BD D546 294E 3AF4 48
08 54F0C2AC 00FC 2E4F 7D52 E7FC 83
09 25812E11 9590 96C1 11EA A428 91
09 62CF5C9E 4BCA 8984 7A38 BDFB 71
09 F3CD3BA7 BD62 F87B 0CBB 4E40 71
0A 70FF3927 073E F3DB B910 5F5D 36
0A E21CB4D2 FFD7 4236 D627 DB29 24
0B 48A52B74 F5F0 746B 56C4 3FF8 5
0B 69BD6E55 5A83 7A1B 8EE6 DBCE 63
0B 73AB97DD 27B1 1529 E175 9A78 63
0B EC883687 826C 0579 19C0 714C 7
0C 2D9F8C40 43CE 8813 3078 090E 18
0C 8EB5FBC9 3145 24CA C505 DEAD 89
0D 20F1D5DA F6F1 D69D 3E10 F1DE 44
0D A9C7B7F6 309F C3B5 ECFD 9099 97
0D D201DD75 0E7D 332D A95B AFE8 56
0E 460362A3 6910 C8AC A765 1818 47
0E 546AB8E1 F131 C27C F654 CBB9 96
0E 9B9AE5D6 E281 481A 7BEE B6CC 88
0E B19D4C11 B8F9 A8A3 AC09 2BD2 46
0F 0A74213D 9889 825A 646B 617A 43
10 8E87A27F 7F58 7764 0C33 CBE4 5
10 B1B607B6 DE47 CAEB 4F60 5725 30
11 11655475 3112 2A7F 77EB 5E10 86
11 529ACD0C 0D9C D57C C58D 0807 52
11 940C1DDC A221 576E A9F4 85B3 53
12 3E7CCAD7 7092 B135 9AE3 B109 83
12 9A6070B3 37FC EF38 7694 1A94 54
12 FB036330 92CE 7A82 C1AB 3697 34
13 C474796D D706 2706 F1F5 59F7 54
13 CCECF776 2423 B194 EBB1 546C 26
15 2BB7CCAD 84C1 E3FB 6DE1 6C7A 33
16 C5C8FC28 5F2F 7F96 C218 327B 7
16 CB7D12D1 2A4D 724F 6BF1 9E1A 33
17 A39A71CD D292 B9EA 908E 2900 52
17 B30A804D B35F BEB5 FC4A 8E31 14
18 075EF634 5987 AC81 579A 7AC9 74
18 0E33ABE6 1DA8 CF80 BCCD D110 21
18 2894E103 65CC 846C 2122 1BBE 52
18 2C1EBFC5 3FDF D853 6D3F CD22 63
18 384A5FDA 8ED3 2970 E914 49B4 85
18 CA5FA4FE F9B4 ACB1 1528 89A4 27
19 9A153E64 7CA7 AA95 03C5 90F6 72
19 E16D60A9 6D55 DE7D EBF5 07D4 30
1B 00EA20FB 28B1 139B CBC2 89FC 9
1C 0E3D2A0A 5CB3 0C46 AE44 A252 67
1C A3DA82D8 F322 EB3F E27F B986 33
1D F9292E17 CE9B C4B4 FA4A E15C 92
1E 0EE89E14 7EDA 6F76 280C EF6E 62
1F 5066A8F3 68FE AB01 5323 DA3D 92
1F 7AC3ACB1 8107 AFC0 50C9 476E 89
1F 9F1D6A05 14B9 874D 235E 663B 83
1F 9FEABB56 8ADA FEAC 80FD 9959 76
1F B7681B5E B24F CD55 751A 50DE 3
20 11587985 61F5 721F C080 C5E6 14
20 91F046A2 94BA 1628 5B36 47CE 71
21 1906F020 0320 A6C9 2628 4C52 3
22 8E6FEED2 D842 3557 C9C0 80CA 59
23 71713989 8EB2 664F CC60 20B2 65
24 36B23588 0050 698D 0225 B6BA 79
24 A5EF08A0 6853 45A2 1844 DEAE 36
24 D2352C40 A89D 6900 2E01 7FCB 15
25 595DAD04 FE73 08BA 41D1 F0CF 2
26 637B4F50 48CE 4EDE 8C80 1E32 14
27 1727BA4B 3954 17CE 5434 F61E 52
27 812DF78C 8010 86FC 6F25 D0C5 4
28 5EB2A630 3D53 1452 E122 0301 78
28 7CEECD68 9091 7C44 EAD8 80F1 34
28 A119583C E542 06F1 1B19 E770 3
28 D50758BE EF0C 0283 7F04 8637 92
28 F2DDC559 EEA4 88C2 DF89 4595 48
29 07AA2B0A C7FF E43C 8170 A7B4 15
29 B16C7BE9 5AAD EED4 5F6B 4366 56
2A 747F3CC9 630D FE17 3232 9C0C 58
2A A3DB8C25 F7F5 0764 3AFE 204F 13
2C 2005D553 B5E7 D335 96B1 3877 11
2C AA7F55D2 4F56 2341 8F31 4185 58
2C BDD74A72 FF01 EF81 2AD4 461F 35
2D 2AB45E6E 44C5 F462 6F23 02DD 62
2F 0FB8B0F2 C683 DB40 F65B 29E9 16
30 060253AD 5101 C7A5 4A69 B757 25
30 4A408B70 FE7D AB82 CAC5 7E48 90
30 97B0A271 4E96 C60B BDEA 70AF 70
31 6726FA52 6BDD 4FE1 3B3B 3605 47
31 E94910CD 0979 ED16 A5FC 36B3 33
32 3B02EF80 774E 5EF9 019C 912B 92
33 AF739B7E E404 01E4 44F0 8CE9 61
33 C047F315 AE06 F927 6E0D 1D8D 11
33 CBFCC9F7 90CD 6423 F756 8917 100
33 EE672A4F BCDF E589 F241 F6CF 91
34 E769D9F4 E080 D27C FCD7 FBCD 99
35 4804D969 CD4A 75B0 7905 6CEB 98
36 7B346713 8662 1873 2D77 9EEF 84
37 056CB0C8 2348 800B 690C D4B5 26
37 2588E59F BE75 DC20 3801 4328 99
37 F4A7D886 A24C 73A4 9E9C 5BDC 51
37 F828C4E1 CF5E 8EC2 E004 5242 77
38 1AB22344 CB36 9550 64CA AD32 75
38 E2D0B274 5202 B954 5021 B322 1
39 1867FA33 1A9D 5F13 7506 1E04 19
39 286922C2 59E5 18E1 B93E BD54 14
3A 1310A66B D6F4 AA98 5679 5A47 53
3B 17389EF2 8F98 91D1 CC11 8168 27
3B 75141E12 3008 6372 99F8 7FCE 73
3B AA98DCEF 3538 B6E2 ABC7 E17D 9
3D 23DDF02A 0F29 98A9 D086 CB8D 12
3D 2CEA7CFF 9E0C 9917 4104 E7BB 77
3D 6EFD56B6 767E B046 FC5A E25A 71
3E D3A7132C 601D DE2C 3333 CF55 7
3E D99B71FC 6CC5 0DA0 B9FF 6308 46
3F 37E8D05F 8E5C 7C7C 0769 23AD 95
3F 8B3F0977 6560 D9AB DF4A 1974 82
3F D601B161 9223 B38F CF5A 5B4D 100
3F D808F33E 283F DC5F 2C95 9391 79
40 A89D7541 D287 FA63 789D FF77 40
41 8604316C 8EC4 F70E 5F61 F8EC 88
41 9BA44E04 EAAE 54CA 7A6A AAD0 41
42 8C020049 F46E D6B2 3B9F E6E6 81
45 4D93303E 0DDA AC5C 6373 98D7 95
45 866D76D1 92C0 06A2 8333 8358 2
45 B335857E 7A15 99F4 E276 5B6F 94
45 F1EFB056 8774 292F 32AB 6430 50
46 3184518A 14E8 72CD 48B5 B218 73
46 6DCBA129 65A6 8766 F2AD E4DC 40
46 764972B1 C74F D857 2AF3 4B83 36
48 3732D5A3 2CE8 F72E 3CB5 D4C6 35
48 524D2643 5D1D 022D A418 C1E0 99
48 CCF70D13 22AD 677D B1CE C77F 45
48 E4DEB55E D08A 34EE B9FD 41D8 84
48 FCE68364 6432 F173 529F CBC1 16
48 FE7CA65B B87F AD0B 458F 23BB 66
49 66AA99F4 AC9D E6CA D006 9D0F 20
49 9DA38663 466D A38B 2972 3529 88
4B 7719E2D9 A458 F5FB AA60 4CD5 9
4B 89AB6DCF 5CEC 505C 3BB8 DFA9 21
4B A16A7B6F 8FFD 3187 8056 98C2 1
4C EACD88B3 F749 E163 B793 1E59 87
4D 8F7AF918 D81B 8197 2FE6 8530 45
4E 4A432211 667E B186 1BFF A2CB 35
4F 9C6E51DD 89C1 ACB7 EBFE D440 59
4F B42B474B F2E1 7BE9 A0B8 C08D 9
50 605D7677 9DAC 24ED 1802 729C 94
50 C96D2818 F646 1DD7 EFEE 864F 66
50 F104052A 2578 10E7 45AB A082 64
51 6C8D1046 2427 9FDE BD42 ABAC 70
52 69662167 3A34 7E3D 2694 7EA3 4
53 CCAD87E2 1692 918D B751 FBFF 4
55 5B840682 4C5D C26A D7F1 08CE 39
55 D7E521FE B349 8621 FB59 FE34 22
55 F1A87AE9 36B3 8784 856C 4FB5 3
56 3C9E941C 22F8 938B C119 82E3 55
57 B7F241B2 467A 5DED 8544 095A 35
58 3491B049 CE42 69FC 027F 30E5 19
58 4B5B09D2 F970 D6B1 5782 A23B 86
58 79E1C186 3BC8 1C63 A239 A45C 46
58 BFA84B1D C8EC AB1D A122 2B8D 5
5A 09C89EFD 1810 D6A5 3117 DC6B 66
5A 10768EB4 F4BE 7231 E428 5CD6 38
5A 9497EACD 5ADF 9CB5 988A F612 81
5B 52CF5F8E 1B14 219D 6A43 F350 27
5B 915ED0D3 5B89 6067 7D9E 96D2 51
5B D73019DA D1E1 383C 02FB 0AC9 56
5C D3746940 3219 0A2E 968C A2DF 73
5D 653E40E5 804C D8CF 2957 EA8E 83
5E 3BBC14F8 FC26 8D47 FBF3 DE70 79
5E 777585B3 CC0D 5A69 B4CB 6BC4 17
5E DDF7E53D E437 DFC6 6FAB 7FF7 3
5F 1F4132E5 925A 5F6C D721 C9E7 37
5F 8F91CC88 0DAB 1B29 B4BE 8CAB 41
5F E7BB7236 688D 136C 8F10 E087 63
5F F09B8CAC CD23 5732 F315 7972 30
60 76823FDB 494A BA63 13E8 0EBD 12
60 8B305BF9 50D5 F67B 3A55 0FAA 91
60 A7AF8EDF 379F E08C 2593 2A75 72
61 7499D1D5 1AB8 8BD3 E6A8 43A4 48
61 A14303E4 C10B DBE6 66F9 8F5F 99
61 A5D08945 D431 7D60 56A7 866F 20
62 1272E7AE 7919 97B2 2FA6 2620 97
62 63823879 73AF 328E 956F A983 71
63 6F71D548 CB76 F3CF F8FD 00C1 64
63 79AD18AD B6C9 EC54 A871 C74D 26
64 672A4AEE 2DC4 03FA FDDA 3D12 31
65 0DA61FF9 BAB4 F95C CB17 6313 51
65 6A2F213F 5EAB 6143 F158 92DC 14
67 582B2AEE A7D7 C9C8 3230 0778 65
67 8755B53E CBA8 2E36 7F11 6BA7 31
68 892F5A63 8CB1 9213 EE19 46F3 36
68 9F5ABAB4 F7F1 9D73 9908 F3C9 98
68 BE8353A6 D115 9E40 232B 9B66 49
68 D417072D E815 64C9 2C9D 4BE7 49
68 FC8667D7 612F D139 6933 6C34 78
6A C11E0CAD 7C30 9639 00AF 8620 41
6A CE51963B 0AB7 3333 CE8E 6059 45
6B DB23BCDD 6883 FA38 ED01 6F0B 35
6B F50CC2D7 B580 1518 59DB 99D7 31
6C 27C1E2D8 A582 0841 7517 9148 85
6C 859CA0F8 F38F D9E3 2BEA 34F3 43
6C F76DAD2B 6B7D A9DE 08C9 3450 84
6D 8576769A 4292 2D31 5F11 2141 74
6D BA014732 E002 2A62 A5D3 FB6A 57
6D C0DD4CF9 6E14 B714 9034 E6AB 4
6D C4602909 56A4 CE22 96E6 6D34 68
6E C6382C23 35EA EA93 82DA 1BFD 71
6E ED6A89CB 8E93 3352 3876 8A93 94
70 4DDCA425 A7E5 A919 0FE7 DB68 70
70 8887AE13 8249 8C33 E6FF 591D 41
70 DFEEF3E6 27B2 DAEB 6918 D190 42
71 3B754105 BA85 5BB6 3431 5D17 58
71 3F11AFC4 00E3 4EE7 17FB 82E9 10
71 7D38FC4B F0B4 892A BCE3 7252 74
71 8929CA02 840D 9C80 246C FDAC 98
71 B0496998 3709 AC3C 3E66 74F6 47
71 D2CB8D2F 4DF9 F485 D8E3 13F1 58
72 DB59D120 495D 8BCA A328 FC3E 2
73 77A9AB9D DEB4 2F9F 804A 51E3 93
74 0E1AA086 55C3 72F8 79BF 8794 44
74 3F45B0F6 66CF E64D 3693 9DBA 30
74 CD7F2DA9 16B6 B814 B2E3 CF27 27
75 4E64710D CD21 5190 0591 6842 79
76 69BCB41B 8EF7 A42D 86B5 9B30 99
77 314778BE DADD AA2C 6C3B 64DC 19
77 EE85FE4A 52EC 5199 692F 97F4 17
79 0270A555 FEE7 FF02 B1EC 62DB 41
7A 1DC43518 3FB7 9A0F 896B 1725 58
7A 48E058B2 96C9 5FC7 42B2 421F 5
7A 758982AA 9F08 68A4 8B0C 79EF 40
7A 85ADA69E 7911 AA3E AE83 4BCE 8
7A 89F656A2 EF81 1A24 8BDF AE44 82
7B 42190B7D 5C12 80A4 B123 D05B 1
7B B1966B23 E36A 794D 39F2 1711 22
7C 591D9F36 BB45 0ADD 325A 558B 40
7C 6ECE73DB 711A 2071 B218 A168 36
7C B3E6EAE9 0349 9435 DD3D 9946 31
7C D95FC79C 7D64 D088 6016 8FF9 8
7D 114BB4B3 A69A 344A FCFC E026 92
7D 610F0F86 AEF4 1A5A B658 0598 36
7D F61B8BBC 9ED2 D711 3BA0 6EDD 77
7E 76FDE44E 9535 0B6F 4969 DD35 13
7E 9B5C763B 700B 2B7B C87D 5416 55
7E AA1496BB CF65 BBE2 1741 CE91 55
7F 3951C6F6 A799 D3A9 E081 6B54 19
7F 8013AE1E AE1E 587E 58A6 6EEF 73
7F AD1DD16C 7CF0 CE6C 03DE 68D8 10
80 3024C552 69EE D5F9 570C DA80 59
80 51EFD4D0 26E3 2810 84E4 BA0D 41
81 087D6676 E590 84FE C819 95D1 75
82 0B2D3D95 EC51 3C44 8C25 A09B 40
82 28CCD352 6828 7CA0 7E27 277B 1
82 BC149C33 9293 2314 BDDB 4548 44
82 EAB426EE A786 E7C1 F39A DAF5 41
82 F3641441 57AB 1B34 39BF B833 20
82 FDCF6656 0119 820C 1ED0 A63B 52
83 636D0124 A9AF 6B9A BB6D 4510 4
84 4386A135 A955 728A 0291 9CC7 7
84 54E12D77 3116 1383 AE37 F197 68
84 F9A23DC5 89B8 0321 F71B 2739 81
85 30A0DF7F 6DC4 81A1 E931 D57D 88
85 3822FDCE E946 2C2F 00F3 861A 69
85 5E6C1088 8704 B715 CA5D 546D 46
85 E0CC5738 0C77 D532 20AF 9054 44
86 8D388F8B DDCC 5935 D528 F6F7 82
87 84F0AB2A 7683 5991 948E BF1D 54
87 B466D43A A944 5BB8 CC6A C9D0 71
88 56C95D14 6746 8A72 42FE BD16 88
89 1ADEDFA2 DEE2 3A67 C354 F6D7 89
89 9F6BF153 0717 D18A 6506 0A39 89
89 EBBC2E97 EB8D 7AB7 B550 D41B 51
8A 4E18A5C4 4D62 1792 ABFF 8C2A 61
8A 60F84A22 7D04 CDFC E3C4 EDA9 25
8B 53B62662 0F95 ABAB 3B4D 2F2A 19
8B 80AACA66 2672 D6C4 565E 23D2 99
8B 86187435 4677 9645 CE29 9442 12
8C 64BC286F 202D CD27 E3BF 0625 18
8C BE412837 2BF0 4578 4700 D055 63
8D 9D460D20 39E2 7296 DD53 B44C 25
8E 0D132BF5 4D51 EA90 9786 C51B 43
8E 627A7425 E1AE 15A4 C123 13F6 66
8E F375739A DF4A F20B 8876 65B6 17
90 093A6C66 0B33 873D BF33 32AE 24
91 0FB2CECC A06E BFDD 6F6A B82B 21
91 85A07ADC 6990 8832 9E8C 5C59 67
92 51E21694 7D6D D049 A50B 8A1A 35
92 F35E4A99 0237 2719 5D85 B563 66
93 034DC992 EE42 9985 336E F6E1 37
93 1044694E 85F5 06F1 67DC D999 4
93 1B02D593 763C BA69 4DD9 C045 89
93 B8695ECC ACF5 4406 E32B D926 4
93 D116DB68 20A1 5AF0 F74F 4FE2 6
93 E5315F8E 7182 A9AA 8C51 56AB 31
94 0591ACBE B064 3EA9 41DD AD7B 73
94 6EA5C73B E59F 9ED9 818C 9F3E 83
95 62946599 04B3 5AEB 4720 DE28 66
96 0D038B1E 2577 60EE 4454 C4A1 67
96 4A59C0C2 7329 07FF 9F40 4C0A 19
96 5C3EC7BE CCB8 1AE6 A59E 3E2F 95
96 87C9E137 C18F 6097 30EF 7055 4
97 166305F9 4C53 38E2 4A19 0AA9 35
97 F678C745 5348 FE6A 538A F3A8 38
98 156CD469 395D 63F4 C47D 806B 85
9A BBDAA3C2 EBF7 D3EA 5B74 9C6B 48
9B C19E387B EAB9 30B0 6FB6 FA7F 8
9C 5F337A34 29D8 8FEA 5823 FCCB 25
9C 7C41C1DC F235 B9D7 BD3F 2BC1 31
9C ACCAC6B1 3602 5C9A DE09 E84D 64
9C C0DF4442 F741 1480 2BB6 FC82 67
9C EA26A4BF 9662 C11E 4FC2 FD9D 87
9C FD2E7BF1 4516 1D08 433C 40AC 64
9C FEA60AFE CDE3 DC3C CA4F FFF1 68
9D 6EA80B1D 59A4 B1E3 70DF D8B3 1
9F 4DA39756 18EC 38C1 B719 B090 2
A0 2626D935 DE6B 7E45 1776 43DE 83
A0 8EB3AF74 51EC DBDB AA5A 0AC7 32
A0 C4BF0FE7 81AF E2DC 08C5 7D74 10
A1 5FA55F02 283C 2E65 8119 A91E 31
A1 8BE29AEB 68C3 2C38 86A4 8349 32
A1 8F3DB533 C5EB 3B2E 5895 21EA 97
A1 BF595E80 E943 0BBD A203 6382 46
A1 E8613BBD CA94 1D93 9EFD 1D0A 22
A2 B70F6849 AEDD 5A96 3CD7 414F 30
A4 2ECA53A8 8440 70DC A900 48BD 35
A4 6094C95E C4B9 CDBE 3914 98AB 88
A4 671F0BDD 2268 9CF0 B865 EBA4 92
A4 9181E9ED F7A1 968D FB21 6ADA 15
A5 CEB7BE46 6E69 D0DD 497D 6BC8 34
A6 736DFB67 2684 464F 77C1 5BE5 21
A6 98DB0350 8E39 C250 0C25 2E2F 13
A7 9C7E315D C1D4 C070 7560 A05E 92
A7 DCB49755 F802 EB38 0D37 F420 4
A8 2DEC1B04 7568 CBE4 E55E 79F5 37
A8 35455D06 0814 3B09 EDEE 620C 31
A8 8A5654C7 158A A3A4 6A6A 3AD3 12
A8 CEBD8B68 BC57 AECA C354 BA3C 82
A9 8D49B996 852D 9373 EB03 7C24 22
AA 7D0A5922 5C33 1AAB 8D74 30ED 68
AA 81B0016A 2005 1A90 8851 ACCB 46
AA B4B94EE2 86D6 8EB8 F63F 2873 3
AB 9DC24571 2CF4 90F4 51F4 9A28 4
AB EF3BD795 020B D10D 196B 9AD9 93
AC 157CCEAE 9425 84B4 AC6D 0D00 47
AD 62D87BB0 D0F3 21C5 8521 4EFE 48
AD C1BD64E5 74D7 4EA3 BA92 18F0 78
AD CD7FC551 4BAA 3853 6281 FF94 7
AF 0C65ADD3 EA85 DEE1 3BEC 3C9B 8
AF 821D5360 1BC1 709F 4045 A9E3 7
AF BE38E180 BD06 A3EF D05C D888 98
AF F10C11A6 83F5 D227 9C60 5647 82
B0 0C8A17BC F7DE 8CEC D000 780A 10
B0 0D5B53C8 AFC0 8499 5ED0 5C9D 2
B0 20E9E498 2C48 11BD F8F9 9673 75
B0 B9C1C27D CE86 9F17 DE07 8865 84
B0 BE033EC6 54F9 1BC9 D2EF 96F6 97
B0 FB4B67D6 4CF4 381D 211B BCB8 12
B2 3FA25845 93A3 3D7A 9080 6827 76
B3 6AD3566A FC2D 27F9 05AD 4102 22
B3 73CF7550 89F6 D86F 8A86 4F02 28
B3 76E8BF80 EC4D 3665 349B 569D 6
B3 95696004 0D0F 506C 76CB 0F52 80
B3 B8982D6F 50B2 67D9 6A6F 6F0D 34
B4 08DE4B05 1ADE 355E BA4E E080 59
B4 92929F1E 7DC4 687D 5F8C C906 77
B5 08E90EA1 EEDB 86A3 42D1 467C 90
B6 6F99704A 8083 E27A A957 23A9 85
B7 44E2F321 204B 5CC8 6311 959B 33
B7 CF9A6068 780F F091 091A EFD6 6
B8 20CEA827 67AA 7B26 9B95 88A5 76
B9 0970DF67 430B 644C 91DF AE9F 12
B9 6FFC490A 05B6 B5C1 5C41 3A52 94
BA 49B4329D 867B DFB5 5FE2 7005 11
BA 5375AC8E C883 D9F4 9BE7 5AD3 79
BB 3AE96AA1 DF39 7BE1 95C7 9D9D 72
BC 3D31C007 31B2 52D8 8E03 A3D9 67
BD 52829F17 A969 96FD 9BEC 72C8 78
BD 74B80822 7AB8 2A51 10CB 51CD 35
C0 E414C54A E8E5 C3BE D601 B63B 8
C2 613931F9 0CE0 6634 96A6 30DD 38
C2 A4E83D53 F1F9 ABD6 DF16 352A 55
C2 B7247E0B 4A45 ADF6 824D B539 100
C2 C9049F79 C18A A0F4 4BE6 59C9 51
C3 67483B37 4610 D035 C5B6 60C1 90
C3 A8C08D14 4AD5 3ACE EC69 4694 14
C4 7B2927B0 3F65 3223 D726 B58E 78
C4 F8B359B5 B75C 6EFC BEB7 5FD1 1
C5 27606B71 C5E1 D290 6788 AED7 67
C5 437BA5D1 A448 719A E70A 620D 47
C5 E811411F 901D 47F3 751A F779 86
C6 7CB3743B 791A 8CB3 C2BD 917F 92
C6 CB0245DD 668E 9E52 75E3 E438 2
C8 E288A197 7A02 4B60 9B3F B2DA 96
C9 7D2F419E C5A8 0B08 4DB3 57E1 65
C9 A622BDA9 4CC1 DE78 151A 52C1 78
C9 E02FAF38 7792 5907 AFB4 B44E 17
CA 7A94DC5B 4BDC 014D EA21 6EFB 21
CA 8E0D7B7A 2569 2A22 F9BA 733F 43
CA A77B8269 465A A07D 13EE A82E 27
CB 13024A1A 2C0F 1782 E48C 4B95 19
CC 19E26E78 3FBA D1FA 7188 E768 57
CC BE374C93 8992 7F60 65E7 E19E 46
CD EE564E41 CD86 35A0 B644 097E 62
CD FF6A9E42 F163 4A64 37D6 C83E 66
CF 01FC5141 D5A4 1008 8E6B A6AE 84
CF 66AB0A74 34A4 8EF1 A972 5565 48
D0 1E5A3D33 6794 3E8A E05B 1128 89
D0 85063514 5B73 695D A053 9AFE 91
D1 A0DBD6DB D71E CFA9 2DC0 FD6D 59
D1 C207FCC3 6786 1DFE FF5F F402 90
D1 D2DF86A5 04E9 C469 F596 0D39 9
D2 021B1259 1B7D 20B1 2A0C C7D5 7
D2 9F80BA3C 8C62 0DEB 4086 7D12 58
D2 B1F8F946 D557 BB68 15D2 E28D 34
D3 D7EB3BA6 3FA4 2BB7 C0A8 D066 50
D4 0F70E14B 5046 7B1C F4B1 9D43 32
D4 172AC3FE 201F 2FF1 F39D 5C07 40
D4 383667E4 453F 7810 BCEC C0BC 59
D4 F5C9042E 67FD 3E76 C452 6F3E 99
D5 7CC2F701 1696 2A04 6A03 3027 25
D5 FB155682 E1EB 4354 993A 9045 95
D5 FCB4EBAC E292 3C70 E4F1 BD9E 28
D6 3AF545E5 9931 72C0 241E A291 100
D7 28B2B28C F8C7 34D4 65C9 33FF 61
D7 D4A6BA0C 0870 69FF 34F9 7D88 33
D8 0D48B2B0 55FB 641C 61AC 8A0A 83
D8 2C41B493 0315 EE93 69E7 531F 42
D8 43A91EAE 06C2 15E8 7881 3112 72
D8 66BD154F C739 E3E3 642B 5465 67
D8 976BD9DC CA6D B724 83CC 58F8 42
D9 156F8A96 5CA7 39A8 A19A D627 68
D9 AAFE8D22 1A68 5A38 3E8E 9499 56
DB 2DC98A0B C564 B6E1 DE4A 52E0 57
DB 9DFDE58E 5330 BC25 50A6 B8D0 78
DB A4D1512C 3A5E 9FA8 E554 49E7 14
DB A8C09003 11B9 EAC2 CA18 75C8 49
DB EF8A80A7 9FBE 512D 1412 0447 44
DD BDB0739C 6A55 9739 9D40 28BA 10
DE 1D24BF48 EF36 EC5E 3D9C ECA8 53
DE 947F2BD7 4224 4052 590E 9320 37
DF 5F134330 C9EC 2205 45B7 7B8F 13
DF E85EA98E F2ED 39A1 F20D 297F 38
E0 04231EE0 DE8A 09F9 F07F 1FD6 90
E0 59B22DEE D47D 2A72 4FCF 5549 68
E1 C5895B83 8FCC 1388 7DF2 6A15 45
E2 006D5AA1 64C0 78E9 A8C4 83A1 65
E2 95E1750E 7B6D 3944 CD14 41B0 2
E4 50E12EB8 9B48 A1CE DF12 E42D 21
E4 E035B995 18CA 167F D1B9 C398 80
E5 22FBD694 1A85 CB46 F027 F55C 1
E5 9C57A789 2A1C E5D3 A9F2 7F13 11
E5 DED8186B E398 775C 4D8F 87D8 59
E6 697740CB EE18 5C44 DD80 3440 53
E7 4C51EA1F 81A1 AD6F 53A4 3683 57
E7 D9497EE5 0F5A 9245 2BD6 2DF1 49
E8 CC28B411 6922 F70B 3FEA A553 88
E9 4F1F4500 6431 D766 7605 7364 90
E9 9185B67A E13D C594 9F07 35E2 86
E9 E99616F3 E8E7 85F3 C994 E95C 71
EA A0D807AE 1787 1BD1 9731 5B65 25
EA A32D3D07 18EC 2265 F76D 99D4 53
EB 7CA0336A 8EE0 C9B1 AF9F FC76 66
EB B5B1C851 BC16 7619 6E13 FBE4 17
EC 4E80F5FD 3B39 B3AA EAEB FB4F 65
ED 8DBA513E 1CE3 F97F FC81 FF16 25
ED ABFB7939 BCC0 A871 911E 29D0 74
EF 0484860D 24B4 3145 72F1 9A15 48
EF 4AFD32A9 92FD A580 77CE 2CD7 55
EF D2969A2B CC07 4533 66B5 3040 25
F1 017780FB 1217 FFEE 83BF 7A2B 99
F1 079AF877 C528 EBC0 9E2C AE61 38
F1 0A473A82 4FDF C5D1 4142 3053 32
F1 AC524D4E 4A93 DEE8 120C FB87 100
F1 F03BB905 F0FC 1C07 A613 0438 31
F2 09D06AE0 7421 1495 F2A9 E5FF 37
F3 067FD8C7 C98C 0353 9386 22BF 95
F3 37035095 30BD DA6D AA49 0DF9 82
F4 7DC4DB3B D403 C85A B8A0 A218 47
F5 C096F5E9 F418 50DF C04D F02D 11
F6 064FB48D 9281 5E27 77BF 4B0E 17
F6 76C6F427 9CB4 D923 3B66 95E0 65
F6 DBAEEF29 1D59 6FB0 55F6 E429 33
F7 E563D759 D6BA 0F4D 423D CEEB 44
F9 7FF40F0C 0451 FA0F 8B28 F0E9 71
F9 C5083B1C 3ABA 74AF 3C02 D889 98
FA 44D023FD 727C EEC3 4200 A286 9
FA A1AB135B 3806 3DA6 9D6E 50D6 70
FA EE647D1F 9AE0 DB68 502E 86C7 97
FC 14FBDE86 C322 1793 9560 E196 15
FC 3A4ACB61 DB56 A266 C20A 0E31 72
FC B3C66215 25B5 A9D4 E988 A105 11
FE 475410D6 1CA1 344F F07C C013 54
FE 4829ADA8 3A0D 135F 385E B926 6
FE 487D731B DC77 F76E E6F3 7B5A 100
FE DE13E50A 89C7 9984 F903 2D50 58
FF 6BD93D2B ABA2 FA2B 74EB BDA0 79
FF DCF386B2 4408 5C12 BFB7 CFE0 86
