1188
00 4B1B53DA 6515 B50B CEE5 A24A 34
00 4B3EAF28 9FCD 8367 058D F61C 46
00 59751C28 377E 7C11 9C8E 4B88 4
00 7685B5C7 F55E E412 4EDE 8CD0 37
00 E765C2AF 414C 65A3 F1CB C21E 49
01 0D5BA51E EB7D 0F31 E737 7333 15
01 232CFC7F 4553 0EDA D961 5156 2
01 369A7A82 046F 2A52 FF3F 9E07 8
01 596334D0 AD02 46F6 F59B 3E67 15
01 B528CC00 07C8 60CB D64E 6935 21
01 F9BFE6EC 7D7A E554 FA83 1D5E 43
02 0B9999F4 FDA3 71D5 D165 3EB0 12
02 18C04FAA BAB0 BE22 22E7 E77A 3
02 405F1AB2 7A31 6DD4 C0DA 3D33 33
02 7AACAC79 B8C9 6753 E512 BF4D 10
02 840570FC 9B56 A105 62B3 715F 41
02 A36E8127 D91B E67D 4C67 3600 35
02 DF72D15A A9EE A4C4 1578 261C 45
04 B7A1AB1A E38D 15E3 2299 C261 21
04 DC28E356 2794 BC40 8E9D 21DE 24
05 77C40C43 A4D7 BAC1 0CA9 E437 30
05 9189CBA1 023E F780 7B5A 4D95 24
05 927E8888 AD0B 90BB 360A 69FE 32
06 43712357 3FF6 6B37 172C 26CD 17
06 6991CAA7 5757 CF52 3276 30D0 34
06 7EBDB08E 4C08 37DE BB68 F1DE 42
06 A87065CA 3665 1ED3 1529 9144 3
06 B05ED3B9 8E63 888A E9DD 46DD 43
06 B932F674 395D C8C1 B18D 6D5A 22
07 1FAB7A39 E932 09EE 5E18 7A06 10
07 BAA6A545 3652 864D BFC8 DD32 48
08 537419CB 20E5 6946 8317 65C8 34
08 7080198A 6418 244C 6E51 B887 35
08 895D37F0 DC7C 9216 891D 7E87 19
08 BA576BBE D2FE 77C3 541B A9D3 40
08 C1FFFC7F 0201 6FC9 49A2 807B 34
08 D0F51B86 9722 EBB2 ACA3 13CB 5
08 F7D9EFB9 BB91 437A C6EE 2C95 16
08 FD0DCB26 A5CA 38F8 213B DB30 49
09 5E3F65B4 D92B 5EDC BE45 D5F7 19
09 742D9CCF 5886 D612 7C9E 56D0 15
09 A0BB92F2 61CE 7011 DEA7 6E27 16
09 A79896FC CEDD ED7F 3C26 4C06 8
09 C120B7D8 2C97 DB6C 3FAC B659 45
0A 1286C853 BBA4 FF27 E66B 737C 5
0A 2A3E9B74 10C1 FBBB 0097 A9EE 48
0A 5D9DDFE6 6A80 B637 7BD7 54FA 39
0A 92267985 587F 0DF6 3974 29B2 18
0A A37C800B B329 C04D A290 9740 12
0A AC0769E5 F1E9 2952 E3DB BFF9 16
0A DDC248C5 3582 0CD4 991A 8145 20
0B 103E28F4 2838 EB34 AA7D 0B06 39
0B 25670901 AEEC A80F C2B3 D9FF 7
0B 388AA60D E2DC 1617 C19A AC5A 39
0B 417B5D6C 480F 98EC E4AD 2132 2
0B A9EEEE11 C7E5 17E2 2C8A 6F3F 16
0B E927307A 87DC B285 C4DA D9F2 44
0C 279F7C27 845F 96BC 6857 6996 50
0C 29E22011 49C2 8D78 4DEE F070 17
0C 31FBFF98 CDBF F456 569D 3543 41
0C 57523183 9ADB 2D71 9059 FA75 15
0C 8B099211 9A62 07C7 4A8D 6A37 9
0C F8B94BBB 8652 BEC2 ED70 C42E 13
0D 50ACB15E 6F55 85B3 99C4 6D11 1
0D 5386CF6C F1F7 8C07 ABA5 4E22 39
0D 551E2FFC B394 FE9D FBC8 C2A3 36
0D 6416426A 86F5 1062 32FF CFFE 13
0D 9C9198B4 D890 814F 5A01 C215 50
0D 9E6AC7CC 5193 600A 1C9E 4906 47
0D E1BB2001 34B2 BF6A 90D8 E6B0 36
0D E68A9C37 8E97 A77E 4738 908D 16
0D FDFD9A0E D9CC 2D50 56BE 9F65 1
0E 22BDCDF7 63E4 36C7 478A C052 45
0E 64E84538 188D F8AD CD5F 92CE 7
0E A0BDF147 A9E0 DE37 F7B2 E4E9 43
0E A3AF737F 482D E91B 4CF0 6971 18
0E F58CF0B0 744B 4143 6441 8A4C 8
0E FA1FA4C5 DECD F86E 2F05 5C12 5
0F 08F64161 7B36 72BA B59C CB9D 43
0F 192DB09B D2F1 F078 0422 E710 38
0F 38232982 D07A 1867 2EA4 766B 48
0F FEDD63A2 0BBA 2081 2533 D774 20
10 22E5C4C4 2971 4940 6C6F 727E 29
10 338B855E 284A 4629 5B91 A5A4 22
10 413B502D F174 A3C4 E2AB 3BB9 39
10 53B4CCFC 6C4E 60A1 30D1 E6AB 14
10 6051428C 6C96 8B0F D05E 5890 46
10 CE0E9AF1 06B4 D63D 8FCD BB2D 10
10 DB669F00 4E6E D457 6397 A84A 5
11 22F3E860 45C6 CFB4 DD82 65B0 25
11 5C3F01E7 F1AB 23F3 0882 1E7B 45
11 ED16EFFA 8560 CEF7 600E 92FB 2
12 7E8AEA33 F3AE 3234 8836 0FED 18
12 F9189E38 3CF1 167F EEFF 912F 42
12 FAA7AD24 3F1C FC80 2A4D D2FC 2
13 30B8E998 1431 BD6C F24C FB35 20
13 36674FBB 5D37 B6E8 F032 2CE2 6
13 3BC19D0C 0007 58E1 22F1 F41C 48
13 6139BC64 D85B DD3C 7932 7AD8 39
14 151F6989 06A3 1835 51C9 D046 15
14 42DF8F71 AF5E DF1E 81A8 0058 9
14 ABBF1820 1047 3651 65DF 510E 37
15 7C2715D1 C637 DA77 0E3C 667B 35
15 800E7F31 FB48 737F FFD0 AB16 38
15 93FDB75C FAD3 6BB8 EEE9 FFBD 45
15 CB6BB68F 6F65 1197 3EA2 1E60 29
16 0BE62006 F2E0 2A19 20E7 CE8A 31
16 22CF6FC5 E281 2700 F5E5 EA2D 41
16 536EFE98 BE68 7807 5368 74E3 37
16 8FA3314A EB03 61A0 4EDC 4D2F 3
16 CB31951E 0BA3 44F8 34DF 89A7 44
16 D0332902 C033 A379 30A7 3BF6 39
17 2EB5D1A1 CEDA 7FDA 021B CB51 36
17 36F89CE9 DC2A C3E3 41F0 8A38 41
17 37B7D28A AE62 0EA1 E02A 7A13 3
17 387489BD 5FBB 01AC 43EC FD17 18
17 A6766F18 641A 5FD2 28B0 28F1 5
17 BDBA0EFE 5DCA 7FD2 3772 60AA 46
17 CCD48BB9 1AA5 0F04 DF4C 8EF5 14
18 23831821 6EF2 0396 F457 EACE 20
18 46FDE7C7 504B 5165 6911 3A1E 26
18 95788BEC 600A 4FD2 81AB 829E 11
18 AEC9F64F F997 61F7 D15A 8500 43
18 F1B82FD6 D184 C67F AFC1 5551 19
19 88205CA4 847C 6C1D 6E7C AA33 20
19 8A7D8FD7 9FCF 29D8 C98E 4631 40
19 E50A5289 FDCC 7E69 D231 C217 24
1A 9D0E9864 3541 0BAF 91AE 6AD5 28
1A F8B9F378 316C D326 E7ED 149F 29
1B 16E65A7A 38DF 95A3 49F1 A3AC 29
1B 45C55B3B E219 B27A 40DA C459 21
1B 6491FCC3 75A9 8D92 0EE4 F3F8 50
1B 87A446C8 C48D 1CA2 DCFD 6E55 2
1B CDAD6027 729B 0BFF 63FC 3E8C 20
1C 04D0F003 C306 9EB1 3563 5D1C 20
1C 5F9D265E 28EB 675F 4340 E567 47
1C 878879E3 40F6 6774 F1F7 905E 24
1C A6742953 35C1 6C58 4FFD 3AAA 44
1C EDF44A56 A5A8 96A3 B4EF D3B0 9
1D 0D040B26 D477 6488 395B 82C1 49
1D 3798E2FE 53E9 78D7 133C 88B0 50
1D 3EED17AA 7CBE 1DC5 670A 4B91 29
1D 58228F5E 747D 5236 0FCD 347C 20
1D 6FEBF3D6 EA16 9C84 AF44 710B 27
1D 83ED10A3 CFE1 23BE D2EF DB44 17
1D 88AB0FA9 AAA2 8A3C 7339 E225 46
1D 8B83DF6D F569 3078 2D4F 5B25 39
1D C7270D0F DF50 6467 0D2B 7D3E 38
1D E5C838F5 06DC D141 2CB8 E147 25
1E 23D3FEED 8513 2E1C E722 0FBF 43
1E 39CA9268 45DE 18B1 6146 0FFB 1
1E 4F020D9B 5006 4608 4462 0733 10
1E 4FE2C5F2 3B7B 4DA5 94A0 0643 46
1E BCB11EF0 FECA 68ED 0FA0 9FE2 7
1E E249A32C FE9E 0E6D B6A9 0DCD 7
1E FF77B462 BA61 7753 674A FB2E 37
1F 036D9627 3040 72FC 1ED9 3F87 38
1F 2A44406F 1A0F BBD9 334E 4E56 38
1F 57E219B8 AED8 E649 EF25 0D55 34
1F 5BECE5DF CCF5 94BC FE44 EAEB 37
1F A0EA9EE9 15A5 51A6 4A49 70D8 3
1F E9AB7EE2 B09E 2EBF CEAE DB31 2
20 C683967E 7850 5967 B837 FF2C 46
20 D94D609F 204F F209 52DD FF1C 20
21 76C0785C B9BD 63DA A2E8 BB85 36
21 89BC9197 2D16 89DE 7EBA AE44 37
21 B688102F C489 91A0 74E0 1079 29
22 05B82D5B E07C 0DB0 A5A7 DC4C 23
22 8BBD7F1A 35E0 3BBD 9F93 C44E 5
22 BB9DC8B7 9762 7965 2F15 CF71 31
22 DCB9EE7C 0E27 516D CE6D 0EA4 11
23 0C865D79 334D CA6E C923 40E4 24
23 13B82D95 BB0F 1064 0CC0 142A 46
23 59244022 BF93 2E4A 65F6 9FE0 24
23 CB8C8E3B 7536 B394 2AA6 A01C 12
23 CEF971DE EEA4 ADEB CFF6 EB75 46
24 3FADF926 71CA 3E59 B9FC B33E 12
24 57A26E2D 6F5B E27C C51D 7355 9
24 5CCCB5BB DAE0 23FF 8009 8EB7 10
24 A0F8441C EAE1 296A A04B 2226 20
24 B45913B2 BAFB 930A 2D6D 0BC7 32
24 FA309685 2D8D BB8E 0127 A40F 38
25 03DD0E87 DEC0 1FB2 0D40 2BE3 46
25 1215F868 319F 20B2 1490 9694 50
25 8CCA679E CA9F 7544 6BA4 9685 6
25 901DA784 2FBC 2E7D E8BE B3F9 47
26 4B246513 D26F 24EE 7752 6D4F 23
26 7679E6F8 895C D66A 1160 CE15 12
26 C319D907 C44B 15F4 2FAC FD41 50
27 1961CC62 9ADC 36EE C03A 25C3 24
27 DFD40C94 20CF EB4B D599 EA79 50
28 2BFD3A17 01F4 F05C FF50 032A 10
28 69A02BC5 10A7 AA26 3C8C FFA0 31
28 6FE349F0 9FB9 A3B1 21B8 04DB 47
28 739EDC8C 35EC 2342 5C8A C1BE 11
28 AE067125 6AE3 3104 82F8 3D4F 5
28 C3E749EE 7684 BEB7 C91B B297 30
28 DF01D39A 40CC 956A 6842 F776 45
29 8853D9E8 7BAE 890D D8DC 1C87 49
29 B58556F4 55D2 A9A4 2162 932F 15
29 D426043D 5E7A 7E2E 8C50 F720 38
29 D99FD585 CDCF 7800 918F D113 20
2A 2A05B629 CFC5 CE24 9F91 F0B7 4
2A 48ED764F 1561 1E3E 4F44 C98D 40
2A 94C6A97A 6927 9C93 DB32 7DB3 6
2A A7E0D80E 6588 0C38 BC26 6252 14
2A B7C69083 80A7 59E2 BB41 0123 26
2A B9E70187 3530 920F C053 1FFE 41
2A FCB24825 DA8F 7044 DAB7 4B60 29
2B 829DF27C F0F1 D510 1FAA D3CC 24
2B 9639FB00 4426 EB1E 6A4A 948F 19
2B A9408FE7 E623 2674 5D09 1734 2
2B AA8DF4AE 0FF5 0A1D 639D 8EDA 39
2B B02163C6 4280 DAD1 715A 6C7F 31
2B B5BBB3E0 6215 EF6F 0C08 FCAE 9
2B BA71478E B4C7 445B B08E ADEA 41
2B D56174CB 02E9 D489 D177 2FFD 33
2C B4E05CF6 5677 4D7B FD15 654D 10
2D 295EFE65 A706 6340 49AB 7F3F 27
2D 44927EC5 1128 D22C EF19 47EE 49
2D 4EA6B77C A918 1EBA B307 FEFF 36
2D 7FC97C00 67E9 5641 1155 1104 47
2D DECF51E6 4811 69D6 A326 1D54 13
2D EC00DFD8 9257 F713 D39F 822D 41
2E 20A34DB4 3352 5D83 0FF9 366D 45
2E 55329165 1E47 5B89 0C36 E23F 37
2E 7AB26916 2222 0AA5 F1AC CFD8 7
2E 8C02C764 E301 4299 EF40 B5AB 28
2E 9F5C6647 EA5D EFBF BB5B A6D3 47
2E CB63F94F 0300 5BF0 72F4 3CDA 49
2E D456C60E AA3D 79D0 EEBD 86AA 11
2E E6A854E3 0B12 32A3 C16A 94FD 14
2F 3683B030 6A15 5B0A 4195 101A 46
2F 5285C6A1 EE35 6609 43C5 B6EF 42
2F 85FA1846 2D64 A5C4 BF20 F463 14
2F 89C320D0 64B8 6100 693A 45AD 27
2F E1E3CD15 BC97 05D5 6DC2 94E5 29
30 11163ADF A14E 35C4 F4DB BE48 36
30 239F4403 02F3 FD5F 64F0 C146 22
30 8EBED9E8 0B62 B308 99FB 80B2 47
30 972CF725 31CF A901 DCB8 E80A 44
30 C0D87D21 053D C86D BA52 4D23 25
30 F0C10851 26A9 E8AB 37A2 F306 25
31 24C28E13 1F29 80FA 7563 2786 14
31 6DF91709 5125 D088 5031 977F 26
31 C578FF60 AC04 2FCC 4B55 851E 37
32 4B70B4BD 3DEB 9120 0325 48FA 2
32 52877145 F9A8 50A0 FCB8 3FEB 47
32 A72B19DF 5778 C70B 5F10 4ACF 50
33 4E1A1066 F1B1 E2D1 D14B 3286 34
33 D007B0FB 2C3C 1098 9419 401B 32
34 DB0AD1D8 CFD4 81BE 6598 FE12 48
34 F4125FD2 DC23 19A9 0965 E79F 20
34 FB357E45 68BC 66A2 EE3D A9FD 25
35 19587309 3ED1 3FE7 4095 28C3 34
35 353ABCCD 15B4 35BA 86B1 D8B1 16
35 5DFCCEC5 975E 94BB 0963 07AA 19
35 BC2D6EC3 C6AA 1722 586F FDBF 22
35 D42C7A16 74BF E485 AB37 DAD3 8
35 DC0D354C 0E3D DE02 E39C E2BB 25
36 EABED5D2 4643 ED90 43D3 F394 21
36 F9892269 8B66 163A 9B9A 4587 5
37 2097D9C9 BF3A 776D 5B3F 0705 28
37 25690ED9 E525 6369 E679 74B6 46
37 4F96337A 0A99 FE63 D4A5 29F1 34
37 64C281A6 6686 7328 1884 C8E7 37
37 6ED5C903 7C61 F94F 16CE E639 38
37 8F20B1A7 7605 787F E68E 7FB5 47
38 55BD9D8B D6ED 98B2 113B 0CE7 48
38 5F6C13EF 0538 EC35 6F0B DE5A 26
38 76E4D700 3CC0 00A0 DF34 6558 48
38 CFE0B61E 8321 9D72 3E0F 749F 39
38 F8EC82BA B0C1 D272 8737 38D6 12
39 AE3B6A16 AC13 4D55 3DA8 BE1F 2
39 D46B5EA2 3B7B 073A F874 9583 34
3A 59CDB6D4 6D13 77A0 0DD1 BD16 42
3A 746484B4 48BD 4DF3 6652 CDBE 33
3A DDA361D9 4781 EFCB CEB7 75EF 26
3B 1A821442 B10B 6381 C0D0 CAA7 39
3B A671B830 CB23 D53D C703 BB74 17
3B B1D1692B 9572 90CF CFA5 CC46 12
3B CB072AC3 F38A 0D72 12E2 3B49 4
3B ED9A623F AC96 3B32 D5F9 E357 29
3C 47B7D5FA 95A6 E45B 8180 6883 44
3C 50B3C1C4 0BEA FD46 420C 8599 9
3C 6B993C5B 883C AA8E F84B 8437 37
3C 6FC8607C CCB1 CCD4 B520 E553 22
3C 720F0BD4 A905 963E B509 5137 2
3C 97718CC1 2745 5E56 12DA F0A3 42
3C C8660CA0 F135 6336 076A BD53 13
3C F69248F8 8388 E672 A425 0195 49
3D 5750314C 2E04 3654 0E98 098B 47
3E 01B44ADC 5A91 0668 B5D3 ADF8 38
3E 31F6E5EE F60A FD3E AAE2 4507 24
3E 8D601336 9468 0415 0DE9 D569 12
3E CCBCEF2F 181E E081 E8EA A9CE 29
3E D82EC0C2 8EF5 F42C BD04 F535 39
3F 52A50B5B ED15 4430 05BF EA2D 9
3F 57D06BE2 E6AD 1163 A604 B260 26
3F B4C3C788 A148 A03E 5022 4F57 27
3F D9DC857A 9A93 3CDD 9276 CDDE 50
3F F6095B45 D35D 6377 BE14 60E5 49
40 85AD4DCF 715E 7691 31B5 363E 12
40 D44572B3 9543 B316 A1D7 A0B2 42
40 DA44FDA6 EF08 0D5F FF0F 733F 7
41 0320A328 B4D8 0B59 924C F4A0 12
41 54414F0A D738 EAD1 8BCB 0A1E 11
41 675D9FEF FFF8 9D2A 8BF3 580E 13
41 E4398FF0 D8EA 2179 9ED6 80DC 49
41 FCC6F8A1 239C 39E2 AB53 4371 38
42 27443E76 58D7 A86E 7681 2887 33
42 2BDAB0B0 C10E 3D28 2F4C EC02 15
42 863B52FE 6ABE 66A7 0DD1 C9CE 33
43 4148BF9A A410 0085 E467 C254 32
43 6CB2168E 4738 9CF2 22E1 4DB4 42
43 7E0AEF20 00EC 02B7 5CD5 36A6 13
43 B6A6EB4C 60A2 6F6F 73B9 2469 49
43 C6214CB5 0996 5EC9 B4A6 F78C 7
44 186135A9 6225 1D95 5C2E C0DE 46
44 4D813495 E702 F45E 247F 211B 20
44 58071B3B 052C BD44 0FFE BB92 48
44 B673A964 5058 4B90 DE44 DBE8 23
45 230EAF0B E2D6 1831 5F4A BCAD 14
45 64345989 3252 CF86 8CD1 6AEC 8
45 9262BE3C E8CE 2C0B 1BD3 E6CA 35
45 C754E01A 6996 7F6E 6B8B F63A 10
46 1BD392C7 2FC4 DAB9 CDB1 331E 24
46 841725A1 DBC7 B48A 9977 20D4 7
46 B1823514 F33A 8869 C719 8E18 20
47 28945E01 E953 9C0D 5A57 11A2 6
47 46F8F3A0 7911 4E39 93A0 4E12 47
47 7670592E 4BAD DBD1 A698 E03B 44
47 A658AC44 8B81 87AA B86D 5849 28
47 BBF2E6D1 FEAE 86D1 5E2E 93BC 41
48 295B84EF A1C7 FB38 F2DB A2C4 44
48 2FD412C1 1E2C 5691 44A7 D7D4 9
48 3817D0D0 1E2E D95D FF45 10D1 35
49 208F0594 0082 43DB 538E 62DD 9
49 477D922A 6F95 6CBD 837E 02D4 17
49 A7010A51 02D7 1873 80E5 CFE5 24
49 D10970BE 8C98 C496 1854 B702 10
4A 05ADBABA 52D2 5CDB 2700 C33C 39
4A 44D0FB96 9034 E8E4 D09B CC62 25
4A F14535A8 E9EA 0358 3D18 7821 32
4A F2D17535 C56B DC02 FC7F BEA3 8
4B 0591E555 2606 F26F AFAE 0AE0 35
4B 103F5B07 9889 7865 BDA3 8349 30
4B 35B93F6B AF60 ED3F 284D 4B40 44
4B 4D91C949 7D21 8898 DF6B 5118 1
4B 68BC8A50 6A53 A487 5C5B E54A 10
4B 8C7B03D6 8E0A 4A77 0BA5 A6E3 26
4B A72EDC67 3D03 F9F1 7893 2DCC 14
4B D703D5BE 3109 7489 019A CA16 31
4B FED61351 026C 74D5 8261 402E 33
4C 1D1DCF05 8331 4EAF 1B46 99F7 13
4C 27A06734 5E89 E847 8901 1E12 31
4C 74A86F30 68A9 4A47 3F3D AE02 29
4C 992E7022 7279 954E DE1D 0AAF 30
4C A71C972F 6EF6 17E6 4F84 BE04 44
4D 586CB1D7 11BB B550 1068 C751 17
4D 5C395AD6 DDF4 9735 E2E5 B15E 46
4D 7A0F3017 3548 3A40 80E0 3A70 12
4D 9C7F10C4 43EC C13E 7EFA D589 13
4D E095DC33 7280 A0EF A124 83FA 50
4D F3DD5D9E BCE8 5226 419D A684 15
4E 1A08E69E 943D 6159 708D 1FEC 5
4E 2116F1E6 DE27 AAF0 E81E 99D2 48
4E 5625749E C7C4 E78A 0795 AAFD 7
4E A15658AF 1FA1 8FFE FDCD 7EC0 13
4F 69B76660 8708 0D2F 8E6C 554D 1
4F ACC0F5F2 3230 371A 6DE5 096D 45
50 1639655C 2697 4FB6 941C 4800 44
50 2F1CC2C6 7EC1 B5ED 2282 37E5 18
50 3E986B01 6320 C019 472F FDDC 33
50 93AEDFBF 8EE0 E5D2 9D80 9D35 12
50 C4190B97 B45A B6CB 10CF B111 46
50 DEFE44F1 8FA1 E66E 3D19 A30B 30
51 3EED79AD 25C3 93FF 573D FA0F 41
51 73398D60 9766 F7DF 89CB EEDD 32
51 8F6B4864 734C 297C F4AC 4FB0 20
51 BEC225FB F44B 92B4 7387 301A 15
51 CE60A01A 0F6E CEDD 82F9 D5F8 7
51 E56E0142 5D59 B402 3B91 B5A5 41
52 291B1A01 5989 E0AD D901 F1FF 14
52 2A410997 27A3 454C B21B F131 36
52 2EC9528F DB24 1D61 628E CEF3 30
52 51AEE2D3 92B4 5D7B 6E6E 4EF1 38
52 E48AB850 355F D2E7 4809 C2CA 40
53 73DBDAE1 AC13 3C45 FA50 CF58 46
53 B7DE4E11 971C 623A 7EE6 EF1F 23
54 58C2D154 1197 B97F BA7A B58C 26
54 5A79BD2F E12C 337A 8C67 C37F 6
54 8040C318 A213 DA86 93C7 09C5 29
54 B786187B 309E FC85 2DF3 9123 34
54 BE93D961 51E2 7FB8 44FA 436F 7
54 F8D6541F 4584 138F C370 C26C 46
55 1C361AF8 5ACF A4BF 464B 8EE7 10
56 4134523C 44FC F2D4 E420 C2F7 8
56 6CE2CD4D B4D1 FDAA D815 01BB 38
56 D0FB2A7A DE18 1170 CFE7 B2FA 18
56 E54C3B92 753C BC04 C666 3261 40
57 02F5B6E7 D247 8A15 72F0 6EDA 9
57 5943F39E B4E7 0902 2896 5A81 18
57 6805B936 EB3E 3E4F 5A26 5534 37
57 ACB1ED9D 37CB F253 F79A 5105 4
57 D7168B6F 0EB7 335F 8ACE 9F37 29
57 E840AF3A 2C5C FFF6 C2C0 A1B9 31
57 F5D66C64 C38F 334A 695D 6238 5
57 FE77A320 B502 A546 A89A D778 38
58 293ABF91 6A84 A9DB 3E0E 0687 23
58 85982960 F117 AD52 59B3 C15B 2
58 B75022C9 CEA2 71F0 32BE 7380 4
59 128A088C 839C 62F6 E9E2 CF4A 34
59 B7440934 EB23 48C8 4E11 3268 44
59 BC70593E 3211 FAFC 8921 E80F 22
59 CC005731 F051 6CFB A962 D1C8 7
59 DB13F32D CF26 8B30 A9B4 DA37 1
5A 3269DB65 9E9E 860C A76B 6971 40
5A 329DE88F 64FF 1671 5F88 83C7 46
5A 41022693 9B9D A7FB EC52 C872 41
5A 577341CF 4923 17A6 DA1F D2C5 7
5A 6D4AD627 EE12 F91F 6B5E 5001 46
5A 925FDD97 A3A2 23C2 00B3 C4FF 13
5A D9E7822F 9C24 7EDF 6FE6 F809 46
5B 16F52FB9 E85C 53C7 3370 FAF1 9
5B 21FCAD7B 0D01 E954 18AD 985A 18
5B 27F3827B 8C54 2CF5 CA17 BA6D 15
5B A1FDB8F0 7A19 CEE1 E172 2584 45
5B FCD68720 FB03 D143 D24D 5FF9 6
5C 3FF2110C 71E6 123F D43B 184F 15
5C 569A55D3 B057 47A6 1ED7 8531 26
5C 7AC92A5C CD0F 3872 5D69 7ED4 41
5C D536657A D03F DFA8 6737 767A 47
5D 33FD6B80 5025 87B8 59A2 E16D 47
5D 5C4D0D31 5127 FBCB 61F9 F197 4
5D 7C350530 ECCA 0A8B 2809 C220 28
5D 94311EB8 ACD6 E90B F5E3 F2C2 4
5D 9D26E66B C4AE 0895 C0B5 1776 40
5E 4298FA56 3FE5 FD65 E0EF 8191 27
5F 30B33C27 E6EE C5A0 6AE5 4F2E 36
5F 62008660 3DE2 9B12 1C67 2B59 10
5F 9620424C B602 12E9 797F 6981 11
5F A69A52C4 2B94 1A6B 5262 CD99 44
5F AA63D79D 547B 634F 7AB9 6F34 3
5F AE2FD860 E1F5 3436 C129 2090 30
5F BEB8CCB9 AC75 57DD E098 78FA 12
60 965A0785 E76E DE6D AC03 BB5F 45
60 A1910FDD A299 DE80 E34E F3CD 11
60 D5DC4B99 4646 742E 6745 F42E 40
61 79DA1EFE C345 92A9 5465 F076 6
61 9DC82938 095C 99F4 3CB1 6236 19
61 AC78263B 294C 6159 EF77 D8E9 45
61 F670957E 7A84 C6D8 1B8D 51BD 37
62 31DDE70F 47A2 99EC 7B2C 8B70 11
62 59BCDE38 ADFB 0EE7 88FC 63BF 47
62 89FC76FE 7983 C1D1 CD70 AF68 7
62 C16EF0E7 9142 E3EF AEE6 8EA7 24
62 D87DD9F4 04C9 1140 F826 4E90 14
63 19AEEE45 C532 35C2 B133 F0F5 23
63 1A0613E6 689B 4B12 0505 7D52 17
63 2356FF8D C421 50C3 8130 63CC 34
63 4342FF9F 0AE3 D675 4613 6534 44
63 8518572D 596B C5E1 5021 6443 20
63 D00C476D ED76 FC53 61C9 07BE 37
64 03FC8E2A 2320 24CF 064B 006A 1
64 0617B7D4 46B6 0D15 4CDC 668C 16
64 426F3484 EA8F 7558 CD35 9B0F 20
64 438ECBA4 6CDD A763 059A CD87 50
64 972F7509 2B53 376D 91EE A167 5
65 1FF47E71 7D6A 6903 7552 14EF 48
65 2AF6B95E 8290 23E4 A07C 0911 20
65 33683602 AFC6 5776 A90E E3E0 13
65 4DB2CC06 8C85 BBE3 15B4 964A 17
65 A634CDA0 71C6 D387 C5AC A3FA 15
65 BFFAA966 39FF 3D52 81A3 4593 18
65 E53E16F1 C605 C44E C58C 42F6 11
66 1CBEA7BA C93A 8E08 795C F457 34
66 8109B18C F35B FE72 AFB1 ADA4 34
66 AA9B0B7F CA83 1859 DDF9 3C28 48
66 B47C0BBD CF67 F13F AE34 8F0F 18
67 1F8528EC F0B4 107A AAF2 2FA6 20
67 2FDFBD36 6D54 AE73 BA41 EB31 19
67 5FF53DE2 5627 A6B7 C7AE EC03 10
67 91E72D39 6874 4CC5 423F 6DC1 25
67 FA595534 3461 E66C 1F51 9A1F 3
68 02717C61 91AC 66AE 5F34 DA3C 38
68 2CDFDC77 DD77 41A7 1C85 E0A2 36
68 5AD4FEAB 283E EEEA 5F41 E73B 38
68 7C57851A C864 6E21 CC41 080B 20
68 7E2C4831 C0C7 62F6 512E 3073 44
68 96648086 8EB7 5771 72EF 794D 11
68 BA959C51 39C4 8FE2 5C57 A00D 23
69 2938FF1C 860F 6E5A 60DA 9A8B 50
69 35486592 C88D E3E6 D302 5D5F 6
69 BDEB1714 342B 8B9E 0D3B B143 13
69 C0AEDE8A F8F5 56F0 166A 4458 22
69 C15DA332 1C9E C6A1 547A F129 32
6A 1A04D2E4 3DE0 E7B4 5B3E FC2F 41
6A 5AA5C5CA 382A F218 8C77 DFF5 20
6A B281A04B C386 031A 6745 5DBF 6
6A FD652C29 3F48 7521 60D5 AFE1 38
6B 21CEC2DE FC8E 0432 789C AF1C 40
6B 22F6B0AB 35B8 6FF8 0BA0 5FF8 50
6B 57E487E5 F301 361F A34D 2B5D 1
6B 797515AB F47D 9492 BFFA 3B2B 6
6B B487BB67 86CD 8EF8 30A2 E327 16
6C 03C57830 D190 4A79 5575 20D9 9
6C 26E3926B 2E8C 9A4A D763 01F9 9
6C 50A80421 AD69 3134 C0E5 8706 8
6C 914CE719 13E6 B613 3739 A418 44
6C A2849205 89F9 0BBA DA16 D6B6 6
6C C9690889 1984 F769 413C F31A 4
6C E034907F 339E 1DE3 49BA CCD4 48
6D 621603BD 4A10 5D79 A679 E945 4
6D BBDC3F7D C2F9 1615 3772 DEAD 36
6D C400F09F F625 4777 8ED5 3DFD 39
6D CB2C99DE B687 18FC BD4C F86E 40
6D D4417F82 88EC 3E9B D3B7 38FF 11
6D DB95B443 922D 3A56 EF64 62B6 7
6E 7DA94905 9B5B 431A B3E9 B9C6 13
6E 9B6E481D 0876 18B6 7672 6BB0 10
6E A33879FB 9672 E060 845D 9F85 9
6F AEA9CC5E ADAF C131 4E47 B289 27
70 A417E8AB 0EAA C09B F712 3070 1
70 AE5EF355 D13F F2C3 2C97 53CA 45
70 DF98F852 55D3 BFC2 E2AA 8321 42
71 2F93F5D7 07EC 7E18 A93F 0B5F 5
71 42F7B860 79E8 47D1 3319 5771 11
71 D00CC521 C0C7 6E30 0F2A CEC7 36
71 F60BDFAF 2B6D BF97 7620 2FA0 41
72 021F4A92 CC16 53EA 6ECD 1B44 24
72 07A4DE85 B46B C14F 730A 989F 20
72 4E321026 386F 5114 898C FA15 27
72 68D660D6 A41C 496F C9B7 980F 9
72 A91B300F 918F 93FB E864 DDAA 25
72 EB63B7D6 E55D B251 4B92 EA88 8
72 FC9FEF24 EBA3 EE8D 65BE 6E94 35
72 FE4563D8 98F7 1ED5 DF57 4B6A 24
73 076C2E35 53C7 53AA 7DF7 B9D5 11
73 1AF4CF33 C3B0 6595 250A 5111 32
73 1E30CD67 5525 373A C55D 05D8 3
73 5125966D 8D94 FB4F 7F35 D64C 3
73 6DA14B6A 0AA9 086D B721 135B 10
73 CCE8C357 6F56 5E12 736D 9797 43
74 02DFFA40 D015 6C2B 8F4B 113A 37
74 5102057C A480 3A4B 3A55 9825 41
74 DFE26616 D07C 779D 457B 29C3 22
74 E128FB4A D279 935E 2A8E 4021 1
74 FF60183D B1EE 8C74 D7DA E5AA 15
75 239D86B0 EFB1 AA30 C3B1 3850 44
75 396E4300 01E0 51CC 9854 6B60 21
75 C7645F4C 742F B514 D9CF F3E2 10
75 DB01E186 03BC 0B26 E326 8617 24
76 B2ED2A2C 814F 6290 7861 921E 37
76 D62BE168 A627 51EA 044D 940B 2
77 04E4354D 16F7 B412 F32E 8DAA 18
77 A3B5BD9D 8E71 3A1D DA64 ABB9 13
77 C8891BFB 4C14 7E39 8AB9 3BBB 4
78 BEBD2AC1 0783 0B84 1B56 C579 22
79 1188B6B0 D52C 8D4E 1FDE AE87 2
79 1EAE55E5 6D8D 09BD 53C8 F384 35
79 34CA738E 0D07 1E06 AE30 49CD 15
79 40AE1C96 2D50 0F36 9BC2 2667 35
79 4A71037C 0BBE 8493 AEEC 97A3 27
79 5B938B1E A814 D461 9684 2D4B 10
79 FB88839F 320D B491 F423 5500 6
7A 0B4888D6 E657 A802 FA2C 304E 26
7A 272358C7 19A1 311B 5D57 38F3 26
7A 79BCB6A7 CC2A 07E5 4553 37FA 28
7A 7B4CE748 1795 3BB9 45FE B0DC 36
7A 819E4D48 D75E 2A9D 01D9 DD92 6
7A 9F0E89AA E6AF 461F 3A81 46C4 5
7B 0B64CDA3 03B0 17C5 A2DA D901 28
7B 7734FFD1 AEF2 A088 F472 4A43 38
7B B558E135 BC64 75C1 96F0 F9CE 42
7B BDE3C1AC 611C 9623 8F4E CFF2 46
7C 003F18F3 3EE5 5BF7 3292 F21B 10
7C 6B9513A0 F357 8D84 A16D BDAB 26
7C E6DF20A6 061C 51A2 1AE6 E099 8
7D 395CE53F EC2D D517 A369 0785 23
7D 69AC0C08 5CCC 3A41 B3EA 9251 8
7E 2B826032 AAC7 6BBA 283E BF8C 12
7E 49174928 ED17 61C0 767A 1EA1 50
7E 70A5F3E7 A279 8CD7 52C9 0029 22
7E 89ACE05B 587C CA0C 9C66 A925 17
7E 9B9E2683 CD64 44A6 5BBD 697B 31
7E ABABB20C 5650 F1A1 2EE6 707B 29
7E DBEA46D7 781A 633F A832 D86A 49
7E FF067296 C340 42F2 5F84 22ED 11
7F DCF2FA34 6C99 B5DA 8C00 D7CF 45
80 1EEB4B67 53CB D703 2AF8 DD0D 42
80 5116CC0A 4554 4A12 17B5 8FD3 6
80 578B4493 1BDD 85BD AC8A FA1C 37
80 994DF380 EB9D 64AA 243E FFFF 39
80 9C8712B4 01F0 5117 25D5 6472 41
80 D80786D6 3BD0 B70E A137 B998 31
80 E47742C9 3D20 9F44 9636 0235 4
81 12C4F904 F763 67CF B09F 7D2B 5
81 A12868FC 6E2A D244 1672 7B0C 9
81 A6707ADC 8082 0640 CAD9 338E 14
81 B9D2A9C3 4615 309F F3EE CED7 33
82 012F3A38 7EB4 CF61 23C3 1C6A 28
82 1E38F4F0 08B5 8F00 0102 434A 4
82 2117F495 57AA E6FF 11A3 E101 40
82 4BC085A3 8591 507C C4DB A0F1 19
82 6C27F672 E6B7 ECAB 1F7B 7545 17
82 992CDDE0 FB8F C130 BA12 86FC 23
82 F8CBCA47 0476 CA0E C8CF C4D3 23
82 FF0E214F 46A9 FAE4 72C1 F712 23
83 1121AA37 414E 64FA FCC9 4597 41
83 3A81A262 5462 1C30 6E9B B223 36
83 402E675F 2E4D FFF7 13A8 8ADB 28
83 946710DB 81F8 D02F C0E3 DE48 8
83 956AD8AD E466 83F6 8179 09B7 32
84 0296FF19 D082 4F88 87BD 7E27 32
84 128F06E8 2ACF B82F 4A3F 21DB 44
84 14C7E184 0B12 F74F 5267 E26D 18
84 20C772BD 750F 185A 0998 6DF6 8
84 34124046 36F5 3151 9394 2E68 31
84 5B258845 6886 F6DF 2C84 1D8A 6
84 9219D109 A988 32E9 53B8 0049 29
84 C96D1E74 ACF2 FFA2 10BD 948E 42
84 F5A3147B 8D91 5FCA 1974 E28D 38
85 BB01C74B EAFA 62B9 A0B7 A6E1 34
86 05151687 7664 59C5 D03A CFD8 46
86 95F99287 01E2 1217 2542 18C6 26
86 D853C2CA 6EC3 9833 A7B6 2A2F 28
87 3D7909B5 A810 EE5E F5CB 4B10 40
87 59E84EAA 939F 2029 CDBC C9EB 9
87 5EC7B262 68E2 7185 5A3E 6C08 49
87 9960943F A5AD 02FD F283 B914 31
87 AF33869A 710B 758F FB26 543F 5
87 C0577A5D 84EB CFB5 874E E219 1
88 2EF1626A C1F3 8233 505F AD28 32
88 5980C2A1 A49B 6A2C 769E 982C 20
88 633A4DF3 7735 70BA 545F BF33 9
88 8CA21CC9 B803 614A 991A 6477 45
88 C4126267 BA27 0031 0118 A314 8
88 EC8327B8 CEAB 82BA B1AF 5CAF 1
88 F6D8ACB7 0931 9700 861E 5E31 33
89 2AF73704 03EF AB94 CC4C 4838 45
89 7F006B07 8B1B 3D76 5680 BCC5 35
89 8266EF06 CF86 F24A 2512 6812 37
89 BAC06987 1868 15E3 3028 DE6A 8
89 CDA12E58 1BA5 C281 53E5 1A91 30
8A 2F786829 F6E5 8A60 2E4E A517 9
8A 42C10827 A17D E582 0282 ADF9 26
8A 4CA43A3E 9CB8 A1FD 9ECB 96E9 46
8A A79A82A0 E7CB 41FF 3902 308A 21
8A A96C2FE5 33C5 C69B 8C00 3CE0 6
8A BF561591 2137 8AD7 AC2B CEC7 1
8A D043964B CACD 04F1 0B43 F198 19
8B 08684457 66A9 BD3B 271F 4B0B 10
8B 59DEC361 BCE6 125F 28BE BC4D 39
8B 6D0C948F 963D 9D94 F85B DA2C 18
8B 7BC54B88 5DD9 F2ED D5BF E12E 13
8B 95D136DB 5122 3A18 FB67 838E 15
8B C05E9304 04D8 ECDB 43C6 05E1 29
8B C742AF5F F1AF 194C 78F0 EA30 22
8B D9AE9D8C 8C06 C95B 4CDD F352 45
8C 10F400C5 A592 812C 4858 1D33 45
8C 18904FF4 2090 81B9 AD29 A6B4 8
8C 26EA251D 5CE1 1098 2310 143B 42
8C 45BEE785 D00A B17C 997C 2807 29
8C 485049D3 DA26 64E1 6435 25E0 22
8D 031F8697 E3D5 700D 690B FDD5 3
8D 36D29CD8 2E70 291C 6362 57B7 36
8D 503A9B06 FC20 6303 1F41 85D4 50
8D B9CFD7E3 C3D4 17A1 8B3D 9402 17
8D F8E0266E 78E3 9C9D 1A1A 1A49 16
8E 96EF51EA 2E0B 23C1 6048 4795 27
8E C5F57429 5025 8EFC 951C E529 8
8F 565BD1C5 DD10 BB9D A0DC 6AE1 16
8F 7ED4E462 7250 F407 04FF 36D2 36
8F C3DCEB74 7695 FF8E C6E9 2585 45
8F D178E1C2 D4FE 626F 1A38 8713 21
8F F23F5E8C 4DFC 4FDF 7F09 3BB3 43
90 0699BBD9 66BD 6A5B 45AF A46A 19
90 BE88C0DA 2442 8EF6 2A95 BE46 15
90 D67BB0C3 CC8A EBE5 92EB 0C1F 8
91 2007989F 0793 729E F404 6C63 26
91 36268C53 9194 D4B7 FA12 52EC 2
91 38FAFDFD DFD8 75D0 B1B0 DAB1 44
91 6AA1CE07 F831 2921 3A22 B8EC 43
91 93BD70D3 DDA0 9374 D5E8 0F1F 10
91 D64AE169 0196 1797 EB17 D4BE 2
91 EACDEDBE 5CED 5B56 619E 3828 15
92 83C4AAAD B4AE 5067 A537 EE49 46
92 87D2F28A FD18 CF43 A694 5D68 46
92 C80A8DF1 8BEA B964 9E47 9432 36
92 CE447A09 6A48 D74F D85A FBC8 36
92 EA540892 CB41 8E5F A7D0 7AA9 10
92 FD8B3C26 3505 3F04 AE5D ECCB 24
93 85435E1B B168 F051 02AE 32D0 2
93 A76E7430 B8E2 E92A 55D1 2CA0 26
93 BC220C43 E1C2 5A52 9563 6B6D 21
93 C9EF7E81 CF68 BA6C C078 C940 12
94 3A2CBD64 9716 0D8E 1B0E F4E0 7
94 76773DBA 1E52 CD84 D88A 2E8B 47
95 27836CC5 1F88 BBF6 20C3 37CD 31
95 5BBEC667 8216 C2F5 3297 82D8 38
95 9BA0A7F9 4B8A 93B2 3816 CD48 33
95 BE2D5FD9 A3CF 3801 AB54 B55F 30
96 0A007EE6 585F 9495 4309 D6B2 19
96 7C2154A5 E7CE 51F3 C1CB 36BD 2
97 5E3E376D 5B99 8FCE 7A82 5F7F 13
97 F9DD3386 785F CA11 BBA7 E349 9
98 0B814773 FFE3 1666 7AED D088 6
98 2202769F EB31 084F 151E 11F9 40
98 41BE7305 FD3E C010 D7C2 D722 23
98 6DC3B076 CE99 5612 4EB7 C314 2
98 71E9908D 6AAD AC2A E792 9DDC 34
98 BB3FBBD0 2329 D72A 0FC0 76A0 17
99 08DD61B3 7970 70E9 5EB1 2481 28
99 6759937A 5FE8 4BE3 01F7 BEA2 35
99 6D0B9042 BD02 FE34 43E3 91C5 48
99 A47B3CA7 1615 0CB9 7E16 C8A4 44
99 B61C1829 C1CE 9A68 96EA D91F 36
99 B6AC3240 4C4C 2D17 6243 BC9D 6
99 E67A79A4 3F01 0A95 18B3 038D 17
99 FA954594 A991 DE84 B865 7C1B 15
9A 0687457F F19D D620 E392 149E 3
9A 2264A630 A42E 6E5D 9A45 13DF 20
9A 7DDA34BF A90C 5DA1 F071 AF65 50
9A C81F3804 8B08 5BB7 CE14 55E4 50
9A DC812337 D283 DBDE 9E13 C2C9 9
9B 09FAE2DD 9A02 9476 7EC7 85E2 45
9B 74B5DA05 F157 A371 EF4E 5AEF 43
9B 79B7811A 5CEE 3431 D0F1 777A 16
9B A0E6048C 253C B239 C944 6BD5 46
9C 0669B124 A311 AFDD 2842 0449 2
9C 54FDD56D E247 11B3 10F6 B229 14
9C 714C56BC 2E4B 534B A75F DF71 35
9C 92E91658 1014 6529 391F 67EB 8
9D 03273D41 F186 9EDF 5CC1 1C0C 2
9D 1C1912BF 756F E894 94BA 550D 32
9D 29AB3DEA F488 29B8 7988 399D 10
9D C788C45A 8CC2 ABA2 F1F7 54F3 1
9E 041604E7 7A52 84C6 D4A5 5DFB 8
9E 2313AFD2 FA36 D22F BB15 04B7 14
9E 5CE14F2B 6F26 A3BB A524 DF80 13
9E 66DAE7A7 1B18 A1B6 64BB CC1C 11
9E CAE5D124 4A5E A9EA 7C7D B132 25
9F 05403B89 D5C4 CD39 AD06 0D5F 21
9F 3E074A2C DA22 18AF 9E82 88D7 17
9F 4166DB9C 79D8 F2DA F230 7639 32
9F 6C0EE3AF B097 D631 CBA8 A9EC 23
9F 8EF53225 1560 5684 644F 64DF 47
9F E97B5750 356B 0598 2565 2987 15
A0 3F7ED14E FDC8 B4C0 28C5 67D5 49
A0 90A84306 00A7 0FA4 754C 01B0 25
A0 A3974CE5 B913 E929 FD02 8889 14
A0 E216B822 5456 1E88 8485 FE0C 33
A1 03D6D91E 7BA6 8A81 BA44 980A 18
A1 3A7371D0 433D E71A DC60 E9E6 50
A1 4B0553AF 72ED D8AD F362 016B 3
A1 A92BBF21 812B 3029 EAAB 1AEA 43
A2 5FE511B2 85DC 8312 FD55 4EE6 19
A2 8EE39A0D BCDD 61A7 FFBD 9332 43
A2 AE177C57 E383 7252 B0A8 1EF7 12
A2 C4793C2F 8FCB 2AEE 97D9 1E09 22
A3 3EAAE231 0F15 9CBB 1177 565B 24
A3 51D9C68E CB72 E73E FCD1 E518 11
A3 9FAF9A92 D613 CA10 E92D 45EB 21
A3 AA83DF55 3B41 C8FE F2F9 409D 7
A3 E85D29F9 4559 7F5E 0A36 3315 20
A3 EFCDAE1C 1D6C DB07 C86E B800 8
A4 39D4A013 9B30 03EB 4C2A 2AE6 38
A4 45303485 2CC6 E8C1 18EB 1F40 26
A4 8EFC1C93 EE0D FA9A A0CE F306 14
A4 BE04A8D5 FB0C 261F 285C 3CD5 35
A4 BEB7762E 08BC B61D 8757 FAE8 30
A5 447E357D DA2B 8EDC CEFD 632A 39
A5 476757A2 3C19 D1BE E7F6 838E 10
A5 6B07A6BE 4971 237F 5F2A BBEF 20
A5 97A12746 A95D CEDA 0BE6 4BBB 40
A5 F9F3AA7F 5DD2 9A26 2419 8C55 27
A5 FB84CF92 148E 1771 127F F6B7 28
A6 355F9EF1 FAB6 7296 18D5 B8F1 14
A6 64AEF863 E5A6 33A7 0D98 BF5E 16
A6 6C2019F1 B103 857F C4D2 5004 37
A6 7DE3D3CD 7342 218E D4F3 E215 50
A7 023D871E BD9E C615 CCD4 7C11 42
A7 12097D17 6F77 F032 7503 591F 33
A7 20424E7D 6F7B 9C3D DA8F 87BB 46
A7 5947931F EC1F B675 1B0E 30AE 5
A7 5CC3DD92 DA0C 55F1 A38A 4AD3 7
A7 64DC788C 9088 3DD8 1766 6BBF 30
A7 6CAD0283 7858 404C C3E4 1827 45
A7 7C826CA3 C459 D7E2 E256 25F3 5
A7 B156ACA0 FC68 BF82 7B6B CB83 21
A7 CD067A89 2AFE D01C 7662 694F 19
A8 29CE2E72 8F87 B4E1 4E80 0D16 4
A9 01C644CB 9A92 BA04 626B A6C5 20
A9 2A81E067 0771 E0BC 4E67 EA40 12
A9 388FF14F AA12 3043 C0DC 54D9 22
AA 119C21C9 C0BD B04A E724 CE77 40
AA 844EF014 F277 4F95 C454 F31D 44
AA B6091930 685B CFF4 FD34 C8FD 15
AA CA84DF97 DF1F 2B61 C69E CB47 47
AA FC79686E 6644 3B3C 2BE0 A0C8 28
AB 5322D717 D929 7333 2E00 AAF7 31
AB B041F4BB 4F4C 9FC2 3E90 DDFE 45
AB C4CD957A 17CF 1392 B9B5 76DB 1
AC 30458A42 81DF 20E2 A288 F6E4 4
AC 486EB8B5 F93C C198 7554 DFC5 3
AC 6C96E426 714B F682 A0FD 7BB5 47
AC D76C65D6 CF9B 80AE 51CA C3A7 27
AD 66D2FF4E F600 2E0E 8BD2 A20D 25
AD 79E92701 F4C8 7E39 B81B 187D 39
AD C253A5B5 1E0D 9199 8223 A42D 9
AD F433C7B6 A9E8 5ED0 6B4B BA13 17
AE 5BB9ED05 4A72 5A4F F741 C230 13
AE C1465432 B4FD 42CC 962B 6E82 17
AE CB2DCBAD 8958 F863 F02F 9030 39
AE D6F87196 ACBE 1BC3 C68E 12D1 35
AF 6F03B4AE C18B 69D8 A57E EC7A 24
AF B855998A D2EA 9EA7 85D0 4A87 40
AF B99FB6E4 26E8 244C D850 5808 30
B0 66D3B186 81D4 87CF 8589 0CB5 41
B0 9616B3D1 905F F3F7 DDD6 7AA1 28
B0 DA890FD5 5D03 02CA 667F 5628 4
B1 2494A386 5DD1 C666 AF83 5A00 15
B1 51CA3609 A9CC 563E 3CD6 C6E5 28
B1 7654E682 B043 53F8 5B58 D705 30
B1 F9A11610 45D9 82D4 D3A3 F5AB 23
B2 13443104 9D09 04F1 314F 66A2 7
B2 BD8EB276 2B85 6750 125F 3C1C 37
B3 12D17CA7 AF48 0D16 F100 A0BB 16
B3 41601CAA 575D 7EDE AC70 9584 2
B3 44A2FBA4 DCD7 F111 17CB 4332 5
B3 7CE2E959 C539 4A50 6142 EBAD 11
B3 821B06D6 B1D0 FFE8 1A08 099D 21
B3 D4E6A5B3 B3CC C0C5 C077 4565 46
B3 EA6FE752 279C A5CC E652 9549 40
B3 FECB35B6 57B2 C57D D7C2 4CF4 24
B4 0A83890A 1F58 51E8 0723 3558 32
B4 97BF9572 702D 0468 CEE0 A701 19
B5 086113D7 7E5B 3E11 0E3A 004F 4
B5 3FB21B7F C389 F48C A055 59CA 31
B5 9BE25FB0 A5A0 DEB0 EEEF 81E4 32
B5 BB1B1966 47FA C6B7 2C54 3ACC 47
B5 BD7490EF D522 4AD1 199A 374D 4
B6 058C16A3 9FEF 5F05 EFC2 48E8 10
B6 6CD55EF1 344D 60C9 7C9E C978 49
B6 B21AC1D9 57BD 6BD0 BD91 5159 41
B6 D5840B07 7869 0293 5A26 DD67 28
B6 EA972EE4 45E1 107D 5C3C B2F4 49
B6 F42CD43D 1344 ACF7 EA70 7D51 35
B7 0D7BD15D 019F E714 EF62 ADA4 15
B7 13BBA455 3CD6 AB30 BE27 261C 39
B7 170E4AF7 3FFB 5609 F027 CF6E 33
B7 90E937BA 790C FA9B CD33 EE8A 42
B7 AC5D43B7 F36B FAC6 D75D 0DBA 17
B8 061E532D AFB1 9717 136A 4660 5
B8 4D9BE647 AE4E 2EDA 5EA4 4858 5
B8 5751D44E 0898 1FE9 6BBC 5D79 1
B8 B833A81A 7D2E 9241 94E0 B81D 26
B8 DAFCC6D8 BB78 3B79 A86D C0BE 31
B9 232FAA22 D5CA 275D F444 E518 6
B9 2C464B0F 5B39 82D2 3FCA 8687 28
B9 B1260DA9 DDDE 4E97 CA82 4250 20
B9 EDBCC26A 77A8 A99B 8754 1138 21
BA 2CB9EAF8 046F FF80 48F1 423C 42
BA 72A9E43B 2EAC F3D4 CCFA EF4D 21
BA 9E10D257 1355 B8FD B8BB 41AD 36
BA CA9A057F C2C1 E117 5AC5 7D86 1
BB 3D910CDD 3FBE B4B8 0797 A690 7
BB 707D0A4F 1FA7 62E6 5F3D 8D91 36
BB 73793D5A F9E3 7D25 0E90 1FF1 22
BB F3B2F1DA EC65 3106 C2CB 3A04 8
BC 03A5CCB8 89E4 7B50 3B36 4B68 28
BC 66ED5FBF 983D 8769 F05C 5342 15
BC C79056F6 B514 0F80 9CB7 5A5A 17
BC FDB2C31D F8ED 61DF 88EC 8D37 36
BD 41E05B2D 2C7A 9551 EDC0 C152 43
BD 52A08C92 B3E9 6EC5 E7BD AC0C 6
BD 9293FCCE C78B 707C F0D2 433B 43
BD 955E9FB2 C0C6 B693 49CF 091F 30
BD 9BA47D9F 9F75 0B10 D5E4 3753 50
BD D1794902 5982 EC58 8C47 44D4 47
BE 52441D57 556F 10C9 F012 4840 35
BE 54D5CB4E FD18 14BB E428 E908 31
BE CE0DAB51 851E 9046 695D C784 40
BE F7466CC1 59FE 588B B4B7 E3E1 16
BF 1278DB8D D69A B3A4 C07F 707C 2
BF 5877DEAD C80F 422C 6BEE 7AC6 2
BF 729B641C A353 93DB 27CB 54BB 49
BF CFB4C62E 7875 711A D5DB 9600 9
C0 0ECD5DAE B8C4 21A6 67F5 2A52 15
C0 A422AA70 2FAE 7DD3 6B26 D097 41
C0 EC19E447 397F F5DA 7171 C342 13
C0 FBF7A758 7F6A B1FF 07D5 4E05 46
C1 5F97C021 A64B C7DA 51AA 28CA 48
C1 5FCCAC48 1C88 C06F AC5B FE08 5
C1 7BCE4F4D 6441 6549 4012 FE01 50
C1 967E5470 232E 4C66 CE69 2FB9 4
C1 C7DF4557 222B 9B81 4F1A A63E 21
C1 D98FEC8C 1BA2 7B1E 4479 5A8A 35
C1 E8543E13 5BE8 6738 0DCF 0A9F 26
C2 1AE99A08 BDEE BB5D 703B 9CEF 25
C2 5C81E042 F81F 80D9 9CA9 9244 18
C2 81902B16 DF76 5B1A 46D7 3E77 11
C2 8CB6D4F1 E495 A518 A13A F0FE 34
C2 CC44EA8B 7FA3 B5DF F8A6 F688 10
C3 3993E4AC D2F5 A902 A9FB 56C0 46
C3 C036FC31 F5C1 6FAE 3B0F 891A 12
C3 E9972092 C779 580E 5DD4 B458 44
C3 EC84E713 8690 EC0E 25DB 2FFE 44
C4 8230E3B2 5739 7B3D 811D D957 4
C4 98E8BB29 E685 51E7 3B4F B163 8
C4 A0C52348 AA68 7422 4474 A6B1 21
C4 AB6541B1 E1B8 4ED2 83FD D3D9 43
C4 DA9E5B03 8C3E EB35 990C A02F 19
C4 E965D776 DBE2 10D0 CA79 AC7F 45
C5 659EFE64 86E0 F759 3B49 38EB 7
C5 7938EF6A B4B5 2D14 3D3E 259F 48
C5 C369E313 0FE1 60AE 9C57 23FB 4
C5 C9160E45 6345 E20F B8A1 23B9 7
C5 ED59F1B0 7ECD 3FA2 0B0C E392 28
C6 8C5630A3 C2BA 13BD 44C3 A947 48
C7 1DC5C1ED D792 32F6 2A01 FB77 41
C7 BBB63EB6 1211 CFC7 C7F0 C4EA 25
C8 143F8E24 B547 CA72 9252 253C 28
C8 30B22064 60F2 74BE 0AFE 454D 2
C8 53F0113C BFBA B571 DDBE 527D 12
C8 647F6235 C060 9018 A37A AFF2 20
C8 6FF816C5 7872 7C8E CB0C AFCE 36
C8 93653EB3 9F9C BE71 A19A A769 35
C8 A8C735D4 3D7A 5ED7 5982 4BE9 43
C8 D2472466 04D1 3F37 2FE2 69D4 48
C8 E896B05F 6C94 7737 4ADD 8000 1
C9 5487EBFE E4C3 C610 0484 FCAF 31
C9 619B22F4 5F96 FEA0 A338 66FE 2
C9 63F04E11 174B 4EFB 09EE 71BE 20
C9 D4900E3E DC39 0667 6865 6977 48
CA 17425131 3749 2C3F FE0F B109 50
CA 55785843 7FEE 248D B426 DF2B 10
CA A8471A4E 454C 0F32 0524 E15D 10
CA B7B81104 5AF2 3460 A389 E948 12
CA B85E3CF2 C126 CA33 5308 FBCD 17
CA E7A83A94 3A72 05A9 1A02 3C2A 13
CB 12B7EB63 8842 63E9 16BC B95D 27
CB 2ED2F577 1130 52E8 DE4C D64E 3
CB 40F3A081 D92D D671 9559 6F93 33
CB 5FD8D7E8 1BD4 62C8 25CC 65B7 22
CB 6C6205C4 B9FF 8A0E 67A1 EB70 48
CB BC219A58 691D 5EBF 1297 0F8C 28
CC BC12AD26 B7F3 2107 7C85 CE92 4
CC CAAEF452 E202 8A75 07F9 79D1 42
CC D9ED416C F30D 8A29 1602 1DD9 18
CD 120CBF16 D676 58FA 8B27 A71A 26
CD 1308F380 A58D E37C 8D31 AA60 2
CD 137454AE 31D5 164F B83B 6737 49
CD 4B14BA18 5E3B 4C1B 06C1 456F 3
CD A443790C E032 8E77 DDD7 CCF8 12
CD B496D5AF BCEF 869B C4E7 A864 25
CE 19F6CD16 C788 1E2A 9174 CCAC 49
CE 2AA68E39 6337 839F 22EF F061 26
CE 32E1C5C4 3808 41C2 CA82 75FD 42
CE 5DE13B18 1850 C39D 3274 F4D4 2
CE 6680CAAF AB3B 5549 3840 B56E 45
CE FD9AA29C F1A2 6CFF B531 6DAA 10
CF 1B5777FF 592F 8CC1 BB69 282C 13
CF 3E224AFF 33F5 1B38 D84D 1C70 10
CF 4A7A2C57 E79F 4FFE 72F5 3665 2
CF BE281D79 F997 54C0 2453 F405 28
D0 108DFD21 E49A 1B9A 3C88 FEE8 48
D0 2C9A909A A331 B329 4CE9 AF22 33
D0 6B5F9379 4B6B CC5C B27A 16B4 32
D0 9EB83437 D2DD 55DF 6EE0 5449 17
D0 A6AACEC4 2C0D 04A5 6A85 FB4B 45
D0 F31286A9 A938 9217 0B7D DE0B 31
D1 31F7A5FD 5450 9FB1 B2F5 5B12 34
D1 79619245 B40E 82D0 9745 8821 28
D1 F692897D 8AF2 1A5F 01FE 4296 48
D2 5037A983 6578 1605 C139 C8FA 33
D2 5FFE7504 7B0C 02DE 023C C657 37
D2 98956655 EEDD 3605 75E0 F81D 1
D3 2C497D0D 30FE B2CD D271 6A6A 43
D3 4C75C9A5 F91F 02EC 4534 1D76 4
D4 1F0AB1A9 F42A 46F9 D629 01B5 8
D4 97DF7D93 525A 9E62 0727 D75B 22
D4 A0052B4B 42E2 DF8E A9AD 22D8 18
D4 ADCA4E29 F7BB DE3D 1F89 0E50 36
D4 EA0BBB14 37DD 7675 35DD 2313 22
D4 F6CF3710 E679 699A A1EE DE34 33
D5 39FE82F8 8337 78BD 90E0 0538 17
D5 3AEBA7BE C510 F1B9 F821 5823 28
D5 3DAD5063 4160 0312 049F 8CFB 7
D5 A9180059 9E97 88E2 FAEF 34A0 42
D5 BAAB77B7 67A0 B65F AA5A 2E3D 22
D5 E1D9A930 6718 8BB7 CD1B 7F33 18
D6 8E2EB28E 51D5 469A 43E6 37D1 9
D6 E242A4A1 8963 E487 4942 BFC6 31
D6 F19BD041 9B48 1705 EE9B 1E6D 37
D7 6E0AB356 524B C325 9DCE 817B 22
D7 A813A04F 05F2 981A 7A4D F3E5 31
D7 BFF30A3E 2B1A E83D 1E96 BBDC 40
D7 C7606DD0 AF04 CBF2 824D 256E 26
D7 DE5D9B98 CDA4 46DE 475A 8F07 33
D7 F9086A1A B09B 974C E16F B7F7 31
D8 2F1DF25C DAE4 0F71 8745 78DE 10
D8 6F595ECF 341F 6999 513E 75A9 33
D8 AC08CBC1 989D 9111 9E34 0B07 39
D8 B2436437 29BC 6179 A6DA 5786 50
D8 E214EC1C BA83 2862 7C30 9A5C 42
D8 EA7846A3 12AF 5B88 0A67 671F 18
D9 6CBA0CA4 DC82 998F 0BAE EF29 44
D9 75BBA0CA CAA5 32DA 47FE 8EE6 10
D9 7EB2FF4C A124 5F5E 7789 4DB2 37
D9 83F7B7BE 3282 DE92 B1A5 405A 41
D9 86EDA36B DFB7 AA91 EAE4 2E24 9
D9 97282D65 EB32 FA38 E1BD 5052 24
D9 C936EB1D 7F8D 9E4A 59E2 42A1 21
D9 CBD70D95 50D4 940F C729 D135 14
D9 E5F2E5C0 049F 1022 FDB1 64BB 4
DA 72174678 0B35 7652 34E0 5669 27
DA 8B28C3FA D6D0 A07E 4C63 FE36 33
DB 2D1FEF40 4514 43AF C73F F15C 2
DB 34651094 5FD4 8449 9510 3378 49
DB 347D8D27 D1B9 30C0 39F7 5BC8 24
DB 59AC2BE7 3C61 7078 503F 732A 23
DB 9148316D 7F50 F5C5 D91B 3967 42
DB FE56A714 2DDB A196 871A 51BD 11
DC 32FBB0A5 16CA 9C25 8284 B4A2 16
DC 6E3CDB2B 5AB7 598A 38A4 3B22 30
DC 9CB3F349 D5CF 6EE2 8DBB 7A6D 24
DD 02C88FBA 0417 7620 C5F6 0C34 3
DD 52570644 D255 82AF 7B63 725D 42
DD 6D55232E B479 3397 2FA7 36B7 30
DD BECF3687 7AF1 30C3 C1CE A155 47
DD E947F36D E676 6FDE 7C9A FE48 47
DE 068F4B43 9BD4 8684 CB45 C632 14
DE 38161838 209B 2006 8170 AC85 24
DE 42B2E03B B8E8 3CCE FDC8 3A6A 30
DE 584FE9A8 78E9 42F3 6D9D CE76 48
DE 9D5342FB C451 416B 115F B6C1 13
DE B7BD2E7C 8F3B 3479 E4EA B774 26
DE DA5553EB 5072 1268 C526 7432 30
DF 28AC0F02 06E9 94C5 8AAF 98E0 17
DF 43D12985 D794 5E66 1982 946F 37
DF 48CF4CDE 85DA 974D 0ABC C41A 41
DF 4C803318 42A7 CABF 2FEF 49BB 43
DF 6C6498E4 8A7C E3A1 3B3E B7D2 41
DF 8D5E23B3 43A2 B3CC 3933 AF42 24
DF AE422B3C 86C4 37AC 9304 B105 28
DF B4C10829 9111 02CF 54C0 B19D 22
E0 173F16C0 ABC0 E7D6 89FC 2399 46
E0 21AC753B 5AC2 F058 75C8 D50F 5
E0 51A795A9 44E3 CA78 F5DF C194 31
E0 6173F1B3 E349 DBEF 44B0 982E 10
E0 974560DD 3437 6A0C 286D 00D2 18
E0 D660FC09 D914 AAB0 E519 F333 46
E1 4B37A8B0 6A69 7D6F 7777 224F 12
E1 80C85C29 D33C 254D E04D 650D 8
E1 D58E27E5 3792 48CD A580 01EF 28
E2 4B26ACC9 167C C3D0 72DB 0304 47
E2 4BFD344B ECE7 47D6 F377 08BE 9
E2 4D939B6D 5C68 F401 DF0D 3DAE 1
E2 CD927541 B5CA 790F 80E7 73B6 38
E2 ED60D3B4 2AC1 D960 733C 922E 28
E3 18199E7E E2DC AAD4 89AD 2B30 4
E3 6C595A0A 5ACD 0090 1325 8375 26
E3 9788E3A8 C4FB 2A6A F9CD FEBC 6
E3 A6CCBBD4 C04E A105 216D 6421 1
E3 D0A53CD9 AAE1 6B7D EC0F 5D4C 50
E3 E222F33C 8F4B E54C 717D A495 14
E3 F61335A7 6CAD EC77 900F 23F3 15
E4 36FE5912 17BE 6078 B8FA 4110 11
E4 83722284 AF6A 98C2 1093 A181 4
E4 86B0A1EC 5574 DB0D D1AC DCCA 17
E4 950EAB7F 8AB8 C5E3 CD4E 4223 18
E4 CF46E656 902D 34FF 2C26 87E5 40
E4 E9348F1D C5BE 9F3F 9009 0330 24
E4 F93697B7 CCD4 7764 EEBE 9D00 20
E5 32A51617 8D37 F872 940B 7CB9 33
E5 E3FC4519 D7C4 C92F 4D95 ECCE 32
E5 E3FEFA6B 2893 5D3F F1CD DA7B 23
E6 335EB1F1 2F5E AAB3 7A8B D5ED 47
E6 5EB0E11C 04BA B773 B415 E45F 43
E6 7019AFF2 E99E 748B 44A7 73A8 21
E6 877CE234 07B1 8EAF DE73 5C35 18
E6 997EE7A7 FF30 7B63 5EBB 91F4 33
E6 ACED117C EE0A 91A3 CD02 BC1A 9
E6 D7E4418D 57E3 AB53 D2B0 D75D 47
E6 F2C980C4 C863 486C 5E62 C4C5 28
E7 91294D08 D694 85EB 42E7 DC12 42
E7 9681BBEB E89D 5116 CE20 02CC 5
E7 A099256F A4F5 CFA5 814B 8663 7
E7 BDEAA47E 8C90 88B4 BB7F 97F4 32
E8 3C8B78EB 108A 5A50 E0C0 499C 10
E8 C11E364A EA34 81EA 8A4F 784E 17
E9 4C2A3931 A3AB 5A03 D05C 2468 24
E9 8244309E 1626 27A3 CD02 DD2C 10
E9 998C7D73 F877 57ED 011B 402E 35
E9 AB8CFD92 FF57 D347 46BF 53C7 11
E9 C707636C 6173 8289 962A 743C 1
EA 22CD00B3 D9FD 5255 6818 486F 2
EA 55334DF4 3F91 10D7 7568 4F25 8
EB 124F0653 2921 92F5 B5FF 8457 30
EB 6957CBF1 0157 22B6 2108 827C 10
EB 7C109B73 62DC 1C15 3973 E949 39
EB 892B89A8 5146 45BF 9EA3 9DED 11
EB F895C118 7CC2 196E 038B 7037 24
EC 73737CC1 3D80 E38F C6A5 45FE 21
EC 8BB69472 7897 78AA ED50 BC5F 45
EC BF95CE72 1636 F3EF 293A 9EB9 49
EC E68AAE2F EABD 618C DFB7 9C44 36
EC FF302657 0819 0B29 DC41 3192 50
ED 24559408 3E08 C518 AB38 3E3B 25
ED 3A6F4733 3F4E BA38 C69A 8D9D 6
ED 3EF3164B ED08 1E56 4D5E 2F30 41
ED 4109BE23 D739 BA38 5B34 4BE1 29
ED 60AFFB1D 454A 7A01 7F1A 6972 23
ED 66F269B7 FB1B DFA4 5186 A390 44
ED 82DE068A A714 8CFF C254 8AC8 19
ED CDB396B4 9CA8 8869 2940 B984 24
ED E3EDB6AD A0B7 36DA 20ED D151 12
EE 1CF3BD9A C5EA FC9E 706F CEE0 11
EE C5EAD9D3 DB2B 409C 903D 33E7 24
EF 4219B886 6E92 05D6 529D 9B8E 23
EF 434643A1 E646 F3AA 2098 1EBA 24
EF 5953D8F5 E006 12B9 D1B6 788F 5
EF 73DDC010 FB52 BD83 639D 2A13 39
EF BF4331B6 BADF 24E0 D78D CB77 9
F0 6BBC74D3 D945 550A E385 85C9 22
F0 B5984750 2E20 6160 21E6 94B1 32
F1 5F7F2757 81BC 4944 F979 4848 16
F1 66A05AD5 4164 0755 44C4 39D7 38
F1 75C6D5D6 1B79 EAC8 0AFF BDC7 41
F1 BE25EA42 D5AF 9FD5 395E 6641 25
F1 C395E97E 12EC 86FE 80C2 0F0E 28
F1 DBBC46F2 C1BD E15D A1D8 FD1B 39
F1 E9733D1A 2A07 6E20 7FB3 7EBF 46
F2 11CD299A 979D F225 41D2 EE7D 3
F2 F91FA5EC FBA6 87C6 7417 D0BA 27
F3 2F2099F9 E8BD BD2A 0222 54D7 31
F3 5F51CABD A127 5C2D 2C67 12E2 40
F3 98BCF875 AE0E B260 D3E1 E022 32
F3 B1433ACC 046B 5946 7CB1 0AAE 40
F3 D8FB6F04 F38F 9838 7839 6623 38
F3 E0AF10C4 50AD 50DB FCC9 657D 34
F4 52824A2E 5307 D57C 8D5D 5833 32
F4 CE599DAE EC22 B4DE CEEF 263E 12
F4 FD86DC5C A49F C9ED ACD0 CD95 3
F5 236065A9 6B25 0FDE 1006 987E 47
F5 46E49141 326F 8702 293A 34BF 18
F5 58C7EC1A 79AC 6971 389C E586 41
F5 8A7C5035 FC75 4F44 E212 B61A 11
F5 B08AFD93 5A70 83D1 5048 8423 34
F6 46467A6F 893F 8581 5192 5EF2 5
F6 59A00F0E 1B68 25B8 ABB7 92E5 20
F6 7BEC629C 3B5D 2249 BD2C 37D2 15
F6 A1D9DD10 92A9 DCFE B129 196B 20
F6 F360BB02 E185 2E35 AC77 6FED 33
F7 4D59E9F3 FA2A FC05 F9EF 61A5 14
F7 D3939F4C 73AC B943 C253 C693 35
F7 E2E93E0D B4E0 00F7 9F41 FF45 20
F9 148611C1 8EBA 6BD3 BD3E 2959 1
F9 243B9C1A D767 CA4C 9AF4 2486 39
F9 287DF630 2CE0 C3D7 B357 2E04 4
F9 757B1D12 A2C7 91FB 287F 4684 26
F9 81F6FEF7 E612 3DF2 C12F C92A 43
F9 B6AD718A BE6C A9A9 EB84 120A 49
F9 E275A5EA 6BBF 9D30 DBC2 139B 18
FA 543DCE4A 1D23 2B73 8E91 B55A 5
FA C6EB5292 827A D162 C5BD C495 47
FB 00CB2564 F78A F4D6 4D09 623A 5
FB 5B8D61CF 1F07 B25B 0B7B 0D91 13
FB CD72E8F5 AEBB 43E9 0093 AD47 28
FC 05333EF6 A9B2 8D35 87EB 4E40 29
FC 692E6DC2 1A81 22CB 5DBB A8CF 48
FC 972D4BB5 54FB 1452 4AC2 C847 15
FC D30C2634 878D 7273 D0C4 57D7 6
FD 4048D9E9 B364 0D26 8A9B DCF6 15
FD A268156C 712C A50F 5BA7 7557 47
FD D95B24E4 51A2 0287 FD41 CD93 5
FD ED1C7300 D7A7 0CB8 16EB 8679 42
FE 4E4BA28D 563A 7D8D 75A0 F5F0 34
FE 71388529 D235 88E7 EA48 6EB5 1
FE D799CBBA 2F50 9B3B BFA9 DB60 42
FF 36E859AA E9B8 8B73 A1EA 445D 15
FF 702095BA 5877 2440 F1A0 24FC 11
FF ABCA55C7 B918 5BB7 616F 430A 7
FF C2256C1F 465F 1EAB D28B 33CF 40
FF E3899837 48BB 92DB 61BF A326 28
FF ED9404CD 0F31 87E5 74AA FA0C 10
