41
08 17178E23 2C71 8046 2342 92FE 906
0C AEC84065 52D7 5E60 E206 3572 919
0D EC7D6615 4C0B 6CC2 7DBA B1D0 467
10 7E392EA4 030A BB1E AE50 6027 974
11 1F3D00DA 3759 67B2 2A90 3023 498
22 681A488F 0D0E 1F43 6F47 E52C 743
37 6F0D95C9 29D5 1D69 DBFE 2201 552
40 ADD86A1C F9DA 8AE7 B010 B575 265
4D F2F667F1 C20C BA34 7D78 4033 848
62 9242081A 6909 5A19 BD18 568A 911
6C D72188A5 A180 4A45 E7B4 A20E 543
6E 9C7F5EFC 4C77 6499 2815 2222 206
77 50900398 0FA5 C2D6 1C5F 9CFE 906
77 F823B88C D9C8 A58C 779E 0DA9 622
79 B492B9DD 144D 86A7 8EA7 2EF7 572
85 9824E028 5A5B BFF6 ACB0 4E12 121
8F 03BE545E C646 FDF6 016D F90E 223
92 6466CECB 5DE8 D90E 756F E673 764
93 510020D5 C3C6 AD7D C417 80BD 798
9A 1BDC5138 3D49 ACC0 C71E 6B5A 935
9E 6B8C114F B543 79E4 8DF6 7B66 878
9E AC96992A E01B 9038 71B5 4BBC 226
A9 9CFD8B3A C1D9 CC61 FE48 9275 563
AA 9BEA7EDD F33F 679C 34B3 A168 498
AC EA00A0D0 F650 6E5A 1C8F B9E8 482
B6 44686BDC 850F D24A 9186 31B8 816
B8 A082C2A9 F322 FD41 424C F728 274
C0 1B6F71B7 95B1 E5C3 7182 00A6 547
C5 1D0D23F3 D958 FF74 D066 5E5A 126
C5 AEA233AB 4A77 B489 A253 7ADF 968
D3 9D5A7525 1603 066B B5A9 6496 335
D3 F2922456 BA83 C1AF 2BA6 8FD3 349
DC 23C854D8 5009 F586 7B9A F3FF 848
DE 5EC5EE20 2EB8 6AA1 4669 92A0 689
E6 AEF82947 5C23 8B24 51C5 CC6A 591
EB C6A5CF21 4DA4 4CC8 39B6 C57A 701
ED 8A0F7E3E 7144 ED38 69C1 5C53 363
F3 648F7A58 11A4 DAE3 72A9 D462 828
F7 3A984476 0CFB F1B9 D477 74C3 716
F8 A5A3561C 62C7 78F5 E416 FD9A 643
FC D3A85041 4018 DF85 B024 3421 786
