1189
00 138D3BBE 4746 C655 9515 8A0B 34
00 60CED206 13CE 2BF8 6EE5 A090 29
00 7BE1312E 3F7E 3720 A749 1963 44
00 9F9BD057 A164 2D46 817E F997 34
00 B73F2AD7 DF0E FEBE F608 05A4 43
01 BCED9EA2 CEFD 7814 4B03 4D93 2
01 E876B608 DF77 36AC 451B E4B2 18
02 156EDF0E 5F23 BD50 B204 1C1E 46
02 29A74D68 1CB7 1BB3 8FAD FDB4 14
02 34E8BBA9 22EF FBA9 90EF 4A1A 12
02 5D50E05F 56B5 1E22 27BD D321 40
02 72A0866D 1F06 6A90 BBFB 22FE 37
02 7A2CEE74 1D62 D092 383F 92B7 31
02 A05C0349 4A58 925F E257 0044 30
02 AF3A889D 9549 DDF3 C1DD B9E8 33
03 35FAB2AE 64BA 7823 B9DF CC1E 42
03 56967B84 E607 BFFB 6CA8 C6B6 10
03 588F4106 7D1E 83C8 42ED D667 38
03 AC5D75CD 23F7 5DE5 F51A D168 22
04 156BC6A3 2E5D 7F12 C6D2 BD33 15
04 3212493F 57B0 33A0 9EE9 6790 15
04 32B40339 BE84 24D3 B1AE CFB3 25
04 82A42FC3 2883 3245 D917 F305 1
04 9943D24F 4683 DCE6 E90F C673 1
05 1D359A77 BF35 EB2D 9C2C 0E80 14
05 C57FA77D 07EE A63E B7AA 0991 44
05 C9ACF631 981F 544A B183 0BC0 4
06 9FD7D063 0A66 F3EF 4ECB A6B3 41
06 ABD61A30 7A32 EB70 AE36 5ABB 23
06 AF4846C2 0767 F582 27A8 4253 36
07 68C133DE E4A5 095F 3993 2467 44
07 6D33ADB0 0A96 DA3D EA59 B2E2 17
07 8B1D86CB 9EB3 5398 AE39 1068 2
07 CD809ED1 5392 1085 1880 01F4 33
07 F1BEAFC0 8F99 F37B 9C2D 3FD4 19
08 93A9F356 F0E5 E927 D5DD ED57 3
08 B6BFBD84 E40E 521A E63C 27F8 34
08 F313AE47 4008 0633 3C46 1E13 46
08 FE0E20B5 E181 D0EC E900 59F2 1
09 1925FB7E F8F7 7E2B F786 5EFF 18
09 709AB26F 2D94 083C DA15 B761 37
09 7FFDA7AB E7A5 D4A9 67A8 7359 50
09 DF1B52EE A8BB F77B E8BD 1E23 11
09 E245B97E 5D1E C482 585E D2C9 15
0A 0BD64D7D 0F9F ED5B AFAF B07C 29
0A 350F86B6 FFF4 9E50 FBDA EEDE 15
0A 4D4D8107 4E0A 843B B444 2A0F 3
0A 590A1874 E6B8 135B 1257 B581 22
0A 5BFDBA4F 59FC 0438 C6A2 18E2 29
0A 63021F8F 62A9 9584 FF23 EA07 24
0A 845053B8 BA6E 3ABA 470A 8BD1 16
0A AE413094 101F 58A8 41D0 85D1 26
0B 697793C9 CAFE D847 C6F4 65A3 5
0B 6FFD66F5 D41A F106 DFFD 8395 48
0B 80C3C7FA 174E E720 9843 9031 42
0B E9AA7506 CEA6 E153 AFB8 8B25 41
0C 156008B4 259F B825 182E 8D39 36
0C 835758B8 CC9C B205 41C4 6616 15
0C A070F212 5E8D 2CBA 9B1C 027D 10
0C F0A3FAAC E955 97FF 1D62 98EF 44
0C F132A637 3A39 85E0 71CB A278 25
0D 06C849D5 BE9D EBB4 C30D 2ACA 45
0D 6205D3B9 B393 4D5F 6B44 7ACC 46
0D 68A40DFD 5709 92E7 45ED F67C 10
0D 6AC272D2 F221 2F60 4EA3 A3B6 43
0D 968DD89C D464 F58F F862 50D1 3
0D 99562D87 B1B4 54B0 A489 99A5 44
0D D5C55F1B 6C44 D93D 9526 2A5D 46
0E 5557653F 8A83 854D C08F 5950 20
0E 9123D664 5881 863E 5887 000C 7
0E D1B30672 00DD 804A 8708 9D41 42
0F 0A503F9B C225 8661 0DE3 4FD0 41
0F 1AAE0A7B 2B7C B523 0674 4220 41
0F 75809D7C 5D37 6EBE 61B4 C28A 28
0F 7C831CAD 0128 8796 730A 6C3E 13
0F 7F839A2A 1234 A0DB 054B F907 12
0F DAC3A41F 489F 4E51 932A 0A1F 22
10 340E934F 0C0A C858 B6B8 20F7 36
10 3CACF9A4 2614 BD45 2717 FE4C 30
10 471B2025 F0A6 642E 0785 0639 19
10 C0FA6518 BC01 F5A4 8FBC 2F87 30
11 0D2F0CF0 66A7 12CC 6DAF 98AC 10
11 6B002650 C11A 0D54 77DF 8C5C 5
11 AF8BF94A 8FBA 69C1 FC47 6545 17
11 B6C66E0D 1435 2AFE 6837 34B2 32
11 B89B24B1 96F0 DF89 2B9B B47B 47
11 C4820C9A AA68 ACCF EAAB C49B 31
12 2C7846F9 B097 4879 40BC AC4D 27
12 4CA64C31 2382 DCB6 7939 CCF1 1
12 6900FB4F E4A4 4F7A 1D29 23F3 38
12 E913DFE3 AE28 E624 ABAD 93AF 49
13 36B30ECC C748 AD5C 9907 9A0B 12
13 49996D95 F507 FD4B F0D2 36DE 36
13 86AFB7AC C0F7 81F4 CFE8 8256 8
13 E7AC6058 71A5 AC2F 86C5 3FB2 23
14 33E48764 59C5 5C48 9ED1 8946 18
14 77AF7D7F C51D AC10 8B8D 68B9 7
14 7C2ED90D 5888 A501 D8A7 6C4D 29
14 853EA333 73E2 2C35 5C07 D5F0 4
14 F674DF60 EBB1 31CD 7947 F187 42
15 612D641E AD5C 9AAE 6798 723A 18
15 CFC32CF0 5B92 CC7D 4776 B866 24
15 D7A215A6 3623 8C78 2C3A D68D 41
15 E103975C B0D6 C87F 8AF9 1CB2 30
15 FD962A81 6755 7E64 E7D9 9F91 12
16 41FEAE95 1F7C C65B 0F03 E47C 15
16 8A903B16 A73A 5BCF 6C34 7A20 31
16 8D93EF1A F449 2405 2A24 12C5 12
17 19B01EC1 33AA 7732 E79C 1C67 37
17 4C79B512 8AC5 51A1 E4A4 8AF1 24
17 7F410EF0 42C6 4246 1DBE 97BD 39
18 02142CEC 51C7 D6FA CC0A C10D 2
18 48925451 A8CC 3247 9D3C AC95 26
18 A638F983 ED23 8809 9E2F B2FA 11
18 ED920663 922F 0686 FDD7 C0AC 43
19 8751E9DA 725A 364D EBFF F753 7
19 F5E686DB 1672 AE7D 64AA 76D9 27
1A 2F13A7D7 7950 0D33 4EA4 AD07 44
1A 7C99B1A0 4178 C552 074D 2876 47
1A 920BD554 D34B 1AA5 4B12 5249 6
1B 0E225764 C179 0A4D 75C6 4850 24
1B A3255062 75DD 26DE CBE7 C338 14
1B A8E2C087 2B0D CA83 4931 320E 47
1B B12BB558 4EAE 5371 8602 4A23 11
1B BCE17491 E280 E933 3B40 A54F 37
1B DBAD92DB 2D54 2408 8D57 D53B 31
1C 1CE47924 0E25 B09E D3D6 F0C0 11
1C 22E7638C 86EF 6FFD 6D44 D920 35
1C 24B21940 3B8F 2AE5 B6F9 5F3D 38
1C 2B4EFADF A885 BC93 0823 3D68 17
1C 49FF3F4C 05B6 DB8D B92C FFB2 26
1C 5AE4D970 4D59 0815 FFF8 51C9 29
1C 90BA90AD 5BFD 1074 0E03 43C4 33
1C 9B55E5CB 53C6 9D83 6F44 7386 9
1D 065FC783 A089 6CCB 15BC 591D 44
1D 42EDC8A2 47C0 DECC 19C1 BCDD 46
1D 55CFD83D 80F4 F8B6 E82B 9BD7 10
1D 6FCA5F0B D544 F291 5A20 BCD4 32
1E 7ECE8501 9D84 E80F CC13 E103 7
1F 19106D09 D8A3 9A88 9373 301D 2
1F 2319D69C 0515 0686 62A3 1D57 21
1F 5B0007B9 576D 7DE6 4A1C 1C1F 36
1F 9094BED4 1EA5 A91B C761 B9AC 38
20 1CBBF849 0C18 8B30 8883 81BB 29
20 799E4968 BAE0 C533 5054 0D14 6
20 7E395A9A 1482 48E7 8AEB FFC5 1
20 A2C8BEA0 BC37 E79A 61B0 6D3C 13
20 AF64CE9B D999 FD5B 9669 570D 15
20 C31A5D19 8B03 8FED 62CE 2A3B 16
20 C69D4A47 2962 7001 0DC7 1291 28
20 F27C627A 4D74 6F9F ABF0 47FB 35
21 0E109CA0 E6FF FB88 AC23 3467 37
21 153C44AE C6EF 04C6 26EA 36BE 24
21 5995A644 FC1E 8FE7 B05B 9736 23
21 794B0C0D 9B65 509D 9B8D 9DE1 19
21 B8AA463C F976 AA7D 81FB 6F4D 34
21 D2A36CE5 1706 BFD0 C3A8 C3F2 3
21 E826A02F D109 5B74 9493 B3DD 7
22 13D37581 729B 8430 5EBC 6DEF 4
22 DB8D0F09 4EA7 351F AB80 969A 32
22 E149571E 536C FAE7 3DA0 B547 9
22 F9042F2A 95FC 2F45 DA3D 12EC 4
22 F9155784 318C 7877 287D 83CB 38
23 07614E6D 3937 EE6F 6984 085E 22
23 0DDB24AE 39D0 02D0 79C3 4D2A 11
23 1D624F36 DB5E 0564 C6C6 4FE4 28
23 E2911B9C 0F23 AD74 F819 90EE 27
23 EEA0ACBE 9026 A90A 180E 5365 24
23 FC636902 A874 4887 172A 0E86 6
24 525C5DB3 1F40 FF27 37EF D34E 20
24 709B2ADC 57EA E247 226A 666F 3
24 8DB296E2 8F69 CBB4 146A 7187 7
24 99CB60BA 0C23 C6C0 975D EECE 25
24 E07856A6 B230 B0C8 261A A893 13
25 0FBBA300 0AE7 7F60 BCB2 4911 35
25 8A50E889 18E6 C54E 9E2D 480C 42
25 926F89FD 9BF0 047B 2314 CE5B 47
26 3DC7F282 BB58 1DC4 AC10 E839 16
26 43FA9D3A 53FF 0137 803A 27EB 47
26 5B2BA15C 5965 FA6F 0A04 D0A7 15
26 861723B2 BA6D 214E D3EE 4B21 47
27 538BCFFA 9E75 CBA3 236D D1B8 7
27 606B393A A3C1 165E E7F3 C57D 24
27 912BBFB7 B85C 0F8E F64C 497C 19
27 F049A055 F0A7 5E8A 6948 0F7C 33
28 320E97BA CDB4 CF61 E732 600A 4
28 5300EEB3 2ECF CF3F 0110 B5A1 6
28 5815A9DC 3B48 AEC2 36E4 E81C 4
28 6D206AC2 570B B3D8 14AB A5A4 23
29 324A95D4 BFD1 B746 4E1E 5ECD 41
29 3C53A75C 64DE 966C E28B 9369 41
29 A8B7B0C5 E1E6 770A 6037 F909 46
29 D508743C D195 D94A BBA0 9E48 50
2A 045EB415 D479 C2F4 1E46 1295 46
2A 332C2C6F C07B 180D F8FB 62F0 18
2A 390E1A81 B9E1 B7D9 8870 3CCD 5
2A 746A561E E359 0389 3CAC 03BB 6
2B 468CC96B E6E6 61B1 8DA1 FD73 1
2B 7815F955 71C1 D673 4490 57D8 1
2B A57CA815 8F9B F75A F124 7BCE 37
2B A9085910 4483 BD96 9E96 EAB4 45
2B B877F528 E219 8723 CE76 DF06 11
2B BA913EB0 025E 5813 7E92 4A89 32
2C 9A1CDB22 6C7D 8A4C 06C4 CA40 19
2C A4BA0F75 BE3E A68C CFC9 DEA4 27
2C D86C465D 3F51 DBD1 E27C C7CA 22
2C F25F39E1 FE9E D58E C929 1F5D 27
2D 1A7E36E5 7A67 2BB9 1DB7 6C97 27
2D 5C6E3533 7630 C532 0983 43C9 4
2D 939BDE4F 1A72 C3FD 0282 4BB1 45
2E 157E0EC4 32F6 6BEE 74FE EB3B 24
2E 1A56DA0A 5056 D2EC 7EDD F336 32
2E 93982309 C3B1 42C3 7307 B08B 25
2F 0A7144F7 1B16 CCD2 CAB6 EB7F 3
2F 35F53659 2E12 19CA AC3F ED69 2
2F A86356BE C042 02EF 56C8 5A92 44
30 4A4CB7B7 AEBE E01B 215F 7D3D 35
30 725FF6D2 9BC2 B6F3 D39F 8391 34
30 8DB06951 A1C6 671C E80B 8046 48
30 957EAA96 8140 E3B7 95C4 74B9 35
30 A364FF58 E87F BAC6 1B40 D3AA 44
30 B16B3516 C36A 3DF6 4078 2972 37
30 B65C678F F170 E21F FD25 93FC 41
30 BEBBD41D 55CD C2C2 13F0 18F3 17
30 E943E3A3 2601 3E1E E1DC B7A8 42
30 F7CC9DCB BD95 A3E4 DB85 459B 47
31 43A55432 7C39 CD17 16F2 3EB9 4
31 52E32385 E5C9 62B6 3939 002F 38
31 55273EC4 1EA4 0E8D 77C3 0FA9 21
31 9371BCEE E73C A9CC 4126 9340 2
32 07C2B6CB 6F7A B678 F81E 5478 27
32 767FD7BB EB04 9EAF 9A59 D182 30
32 99242E84 B014 4217 06C0 C4FC 43
32 A4B671E4 FF06 2A37 028A 618E 39
32 AC1B220E 8584 E9D1 E5B8 AB38 36
32 D4484E90 36BF AE46 68A4 DCA5 33
33 45F51FAA 0ED2 2045 AA7B 511A 7
33 4A52D139 B62A 55C1 4EA4 1811 11
33 8506DB19 15C0 3443 F6B4 63CC 4
33 8BEE3CD1 FB78 863A 2710 6104 28
33 9461E70D AF67 7778 5FD1 E771 46
34 809B5FB0 4B7F 483E 47E8 7FCA 24
34 8CAB49F3 D78B 84F9 19BF B012 47
34 AACCECFF 60E1 924B 7270 B6A4 44
34 BA87C4AC 0B86 1051 4590 9561 47
35 8877D504 A554 5309 A176 3760 27
35 91BABEEA 7688 732E C3CB 057B 31
35 921871C1 00D8 EE45 4995 0FBE 37
35 D0F6CF17 9ACD 489E 2D87 38EE 42
36 0E295B95 3E52 C7B1 A30A 2C93 22
36 310CC899 D1A1 C865 FED4 001A 50
36 7D2BE034 134D 0B37 BFA2 08A0 37
36 92704D6F BC23 D4D7 FD85 7A35 44
36 A7D80B27 835E A952 9081 159F 45
37 463C96FA 847F D0CF FB8A 6047 26
37 66623E73 6E79 9E25 873B AEC3 31
37 79C6B83E D8B6 9EE7 B4C6 ED7C 25
37 87237669 CD2F FAF0 759F 95E0 1
37 9D50D4F6 696D 8988 7BD9 253D 33
37 BEE6CF9F BA90 55E4 73DC EE56 4
37 DB15FD20 946C 3527 29A8 B91B 34
38 0F8B7706 4433 5846 098E 1E89 3
38 1C3E188E E1BB A6D4 8115 1A45 43
38 9E7B6C3A 0A72 68A0 2605 161E 3
38 D7BD6394 A99A 39F4 C78F A048 9
39 25F60542 8C96 AD7C A319 0E67 11
39 C2CDF88F 2DB6 AF6E D11B C6A4 2
39 E65C1B5C 4FA2 C2B6 2380 7729 6
39 E7D43313 96DB E8A2 DC54 E9F7 14
3A C6C2864D 1D11 83C2 9FD3 9B78 26
3A CE9D2026 D651 9B37 A53A 21A9 14
3A F752DBDA 2F82 F923 6F38 F55C 49
3B 257B40DC 00F3 9466 2949 595E 20
3B 2D150233 A33A 4532 28B6 B33A 17
3B F63B5BB0 E6CA 9AD2 3EDD C684 31
3C 3B0F7AFD 0D77 293A 7137 D286 21
3C B07BD542 0AEA DBFF B05D CC4D 49
3C B3D9D97C 79DC 4A82 2F1C 3FB7 23
3C F1F54794 4F18 6908 43FA 30A6 50
3D 1D34532F 1487 94D5 2B95 BD64 21
3D 5D45FF0F B069 6058 DFAD B0D1 19
3D CA80B6C0 6A37 777B 8F42 8085 33
3E 8A084D22 F16A DF80 7879 DD8B 23
3E EBACD13E D84A D5E5 AC1E 95A7 3
3E F134700E A5AE ECD8 6EAD 694D 39
3E F746E8DD 9A29 0C66 07C7 5FE6 3
3F 111BB8A9 0F44 AECB 015A 0B51 43
3F 210AE518 1711 7680 FD51 AB12 4
3F 70B80783 23C3 8BCF A09D 7BC8 9
3F 8122EF6A D311 D0B4 D9CE BE8F 12
3F 96F783C6 E579 E76A 1386 AAB4 12
3F DB5BB350 5186 EC8D 7E24 7A6D 21
3F E1A0A57D 1673 0A10 BC8E 0039 41
40 017B7371 4012 FBC1 4EEC F745 18
40 3CBAAC60 03B0 C94A E48C 30BD 47
40 6CDECB6C E7E1 91AA E1A5 CD51 25
40 7DBEB1EE 6DC4 E6CD 6AF0 4717 13
40 BB3FAE8C 2F9B 2204 94E0 FB89 49
40 E934470A A30C 7804 45F2 7AF7 50
41 0F106449 D408 AA08 3077 84A9 32
41 19E44523 744D 4605 7312 463D 44
41 1BF266C7 BF8F 3F5A C6C2 FCBD 43
41 3AB721AD E0F7 2A61 ECE8 C103 41
41 7421E68C A4DE 5DE9 9537 52B4 25
41 7B3DB7CA 0160 6FE7 2DDD 7F46 21
41 9C1E3738 D35E 2E9F C77A 23D5 37
42 2ABBBB60 12E0 85E4 2711 87B5 49
42 6C918E24 1C5B EE33 939F BFBB 17
43 35C0F371 2FA8 E450 FDD7 1BA2 12
43 395F176D 159B E968 9833 BD70 44
43 9421F507 136D 1602 CF14 E6B2 12
44 FC6E5B97 9D4D B215 8CFD D1B8 42
45 65C52CB7 C2C0 8FBE 1BF3 CBF4 40
45 748EF5FA 95FF 425B 6466 2808 10
45 C345784D DDF4 85E2 22FF E620 45
46 9A1EFC99 5135 24A5 9E4F BC4B 24
46 C2A3FDA6 68A0 1938 11FA DE79 49
46 C6C5FF9A ABB6 5651 E896 C3E1 13
46 D7FC6993 0D5B D844 EA9C ED83 16
47 109F8060 3477 9E4E 4888 1344 10
47 3DDEF163 BF79 5D34 678B D740 12
47 75E40C1B C930 5168 98BC D85D 30
47 D31B44EA 4C3F 0811 93A7 457E 12
47 ED43F28D 9FB0 4038 286D B4AC 12
47 FF3733C1 D67B FF1F 9569 957F 25
48 3B8595FF 7742 373E 887F 22D2 34
48 57CB19D3 F8B5 9DA9 FA7F 994E 7
48 62DF9E0B 13DA 2B3D 964C 92B6 38
48 7788A9B3 1FFA E64E CCD6 B0BC 16
48 9C6AEDD9 A763 5506 84C6 472B 16
48 E9F5DB69 95F6 2EBB 0A3C 2E67 21
49 20E226F2 86DF ACCD F240 2417 16
49 64C81673 F3D7 5494 A3E3 499D 20
49 725D0455 0F81 2B49 5E7F 3FF4 37
49 B44ADBE3 BBE6 251D B703 9531 23
49 D873F2A4 7EFD 1294 AF42 0126 22
49 DE9A836E 44B9 3061 055E 3CA7 14
49 F54E0712 9DD5 F4EC EACB 35CE 38
49 F576C626 30EB 2BC1 6C79 A37A 26
4A 518672AC 2E9E 47FD DD18 CB39 8
4A 87351F99 4E0C 4FA0 7643 B18F 47
4A 8ED74626 5B9B 7F15 DC54 BDA4 36
4A B7809EF4 8F66 BC4C E7D9 6B70 33
4A C2DFD3C8 FF6A 43C0 2CA7 FE17 46
4B FE9CEB7B 3E1A E25F 6B68 3B7F 32
4C 06DDE425 2BDF 75C8 692D BDFA 7
4C 0B3853BC 865A 06E2 6882 52B3 50
4C 23BDD21A FADA 7E9F 55C6 D1CE 25
4C 4437BA3B C5D5 2EDD 45CC B34D 13
4D 15668732 FC6E A68F CAE0 19E8 38
4D 4F7885E6 CBBA 0B79 7241 A5AA 46
4D 74D68842 E69B 7089 DCA9 0A53 15
4D BC398E67 110C CEC9 A626 A777 21
4D D0D65FE2 9378 31EA 8070 BE51 12
4E 1CCC6EA8 CC1A 1017 9DFC 4452 20
4E E95521B9 F9C1 49EA 5C65 110F 47
4F 062D6A8C 8BF1 588B 0ADB 40A2 29
4F 09417858 0A94 05BE BBD8 6059 46
4F 70590B6D F932 B6BF 76E9 2D52 42
4F 8C6FE72B 39D2 1F94 4B07 6A85 7
4F D22F71B5 DA16 6745 1898 59E3 2
4F E09DA444 4FEA B6F0 9735 90DD 48
50 8E5C41B0 06EB B699 3BD6 75C9 29
50 AC6460DA 14E9 1933 0866 A3CC 24
50 DBB57C5D C158 A799 5967 89B8 36
50 EE27F5E0 DD9C 2C9A 8795 1334 7
51 333320CC 4C91 A959 BFE4 F778 36
51 414BBD43 6154 5D4E B042 A948 17
51 4FA1E8E6 5448 622E A877 B528 19
51 60D1892C DB61 DBC2 B246 2525 28
51 6E1E917A 8F25 25EC 99D7 684E 33
51 AA2571E7 0ED4 330F 6780 3CCE 6
51 F6E736CA 925A F77B 9659 FDE3 25
52 53468AE6 1B63 CA28 F4C7 AC51 26
52 54D7A649 4AD7 1A86 32BB 5E6D 4
52 85BFACF7 7FFF B279 E320 4D69 6
53 A4FA8F3D B57D 9D01 EFC4 F308 46
53 DD279585 18EC 8E15 97CC C949 15
53 E8AC6928 1235 61A1 BD60 D7C0 3
54 3D947C5E 5BEC 7A92 3676 CC96 10
54 6A215106 40D1 563D 1EF2 A21A 27
54 6CE9E8DE 6FD8 6373 BB44 0AD5 29
54 84E42253 E57D DF69 10E3 22B2 13
54 8F7244F2 4F2A AA75 D706 961E 17
54 98699836 080E 989A DCB0 8FAC 25
54 A9CE0617 3055 6BC1 951E 4F18 7
54 B0EAEDBF AF1D EA07 8A8E 60F2 4
54 BCAE3EC5 A693 D2CB 4A8D 06DE 37
54 D586E94F 73B6 EDB2 517D 738E 7
54 D87ECFB4 20C7 C10F 13AC 8101 36
54 DA42CFD8 EE84 18E0 1DAC 5108 40
54 F6D405C3 4783 CFE2 B499 CB7E 38
55 A6EE75CD 96BF 92C0 BC9A C5E7 48
55 FFF27DFF AD66 DB5D B2C5 694E 37
56 4F6B95A7 6187 E0EB CABE 88BB 10
56 62DAED1F BC43 2542 0547 FB6D 37
56 9544883B 8ED1 4E23 67F5 DBD6 31
56 A01A479C 4CEF 2B60 D262 41C0 3
56 B234A55D 4ED1 A19D 1E8E 672B 22
57 1A6BD3E6 0DE3 58AB 5D91 5DBA 44
57 2399DC5B 5DC5 C2BD 459C 4C61 5
57 2C9DEFF5 CA5D 9323 6E69 F6D4 18
57 62295CA7 D868 D2FB BCE6 82C3 1
57 67A378AF DD82 B20E 96C7 DEB9 1
57 A7F07D13 FEEA FB7D 8E06 1EFB 26
58 0B8726BC EA8D 352B A61B 26C1 2
58 3A4D6D2E C5BA 061E 97BD C216 6
58 A4155A89 86C1 E857 C2DF 4A32 8
58 E2EBB033 9403 4B8D CC3E BAEE 25
59 3F3BE345 674E CC71 05D1 D111 16
59 7CC3464F 07F7 5C23 ED8C 1EDF 1
59 A031FE24 A7B0 66AF 597E 02F4 13
59 DCD51F83 F7DC AFCF E597 86E3 7
59 F6440941 6607 B095 F1CD 0017 50
5A C06211AF 3207 D305 532D B5C4 31
5B 1B4876C2 3277 501D 72E2 EA1A 6
5B 401BF51E 4D35 34D5 9712 60A8 1
5B 602DF7B5 CF3A 0EB7 FD71 592A 17
5B 8444AAC0 F52C D690 E150 8999 24
5B BA7C3EC3 BFAC 5098 9700 B296 34
5B EE4BCEDF DD71 C01D B2A6 2545 42
5B F496E4C1 6865 57BA D43F 8CD6 26
5C 06A511FC C1FE A578 BB9A 994A 31
5C B3EBC633 F745 D117 A4A1 E2F1 35
5C B6BF1578 439D DFB0 027A 2989 23
5C D50AAE48 4DD3 F653 DC2D F30E 24
5C E19C54FB 3CC2 3230 87C0 177D 49
5D 502AEE7C 4871 C995 9F4C CB1A 49
5D 568586CC 7143 FF4E 4D22 6609 23
5D 9A6F27A9 5A1B 1C88 E1CD 3DE0 39
5D BB3F5343 7644 C447 067D A85B 48
5D CA98A174 B0B6 DA62 C8FE 58B8 44
5D ECF5DDC5 4413 2833 C35D 4DBD 36
5D F2026553 A6C7 1627 FA7D 7459 33
5D F79C7E7F 62E9 5293 7DB9 9D02 28
5E 9B24821D EE64 54EC 618F E016 3
5E A8B78FBF 4946 C5CB 9745 2845 20
5E E4F76F8B 9377 0A0C F95F C6DD 19
5E FA3BCF4E 1E8F 1859 7BEC 34B7 12
5F 17F290C2 8AA4 49AA 7BBB 9741 10
5F 3C83F6C9 FB73 19AF AB44 11AF 20
5F 3CB3E4E0 A868 E2BF 84CB 1D28 18
5F 60A18297 B453 7DE2 C8DF 13A2 47
5F 69503EC9 2DCF 6C91 4C4D 29AF 8
5F 86FA8547 0E51 8277 9DAF 06F5 50
5F B5100897 A650 000F 642D 0E08 27
5F E411E19E A155 6340 2E3A 6749 40
5F F3437484 6AD7 79C0 8A7D AF27 27
60 66EC5F31 5741 38AE E822 F3C0 4
61 75943B99 65C5 5519 4DBF 8631 39
61 A727AA5F 468B 0E0D 2E3A BC1F 15
61 BEA132A8 5B44 8805 BC80 11F8 30
61 C69E8908 2604 0B10 F5ED 2C61 18
61 EBA86A46 DBCB 05E4 23BC 00FC 20
62 292EE6A9 1DA8 7381 E240 7940 19
62 36994DC9 DCEA 53D4 8E49 0F75 17
62 416EBFB8 798B 292A E189 366B 3
62 44BC55DF 02BA 4770 DE62 6295 40
62 4D058FC1 9007 01CC 1531 3C85 49
62 6E5928B1 0F7F 2DD2 0D56 D3F1 36
62 A24CA048 B3A0 508D 96D2 9FA0 41
62 A5153D7E BC59 F19D B13F E839 44
62 B496EB79 48E8 F366 475A 85E8 33
63 187899A3 9126 7D6B 459A E831 19
63 4E3899CD 73DB C1B5 DE82 BADF 8
63 4E7BB200 D9E6 FF04 52FB 533D 46
63 8319B6C0 EE66 C56B 328E CF5A 36
63 A88FA3CB 0931 D164 EFB4 9414 36
63 B8DDFBA4 1FF1 9865 57A6 E45C 36
63 E648D93F 5AC4 DDF5 35D9 8F97 31
64 1A93994E B10D 0DD5 8A50 679E 16
65 24B4110D 361D 0B2F 140B 496D 1
65 64F996DA 9751 29AB 3951 9F38 28
65 78715C39 DFB8 D5A3 03AE 188E 37
65 B7B4D0CC 70AE 07E1 43F6 8022 10
65 FEA772DF DE32 CAAB B674 8A2D 19
66 65B83BFA 4AB7 674A 221D 5C6D 11
67 00D27115 3E48 E218 0312 9450 48
67 00F0021F 0D9C 102B 8049 433A 11
67 3275F21F B696 8165 94C6 8155 3
67 A15E4C42 5A0F 0285 78CF C693 12
68 240D49BA F96F CEA1 2F08 96FC 17
68 4AA4BEE9 5960 9B68 0605 B39C 23
68 74E9DDEF 24B9 B678 1F56 EB14 40
68 A8B5A1C5 EE35 34AC 137E 42F6 34
69 14EA404D 86F8 4E2E CAC0 6FFD 42
69 67CA5F48 D282 D951 BF7B E581 22
6A 7CEF72BB 1183 3360 3A2E 6B61 10
6A 9F1BE740 EDC8 B5B1 7514 693D 12
6A F3CAC71F 5E11 E524 454E 9A85 22
6A FFF6BCA8 1946 0BB5 4A28 3A2F 8
6B 4C2F0EF6 8090 37A1 D5DF C41F 49
6B 5859BA5B BCBA 9D46 C102 113C 16
6B B2C364CF 994C 977A E220 8350 8
6C 1912030B 858F 589F F88C 2B08 46
6C 5C4D2D2F C9F0 0EC4 A448 42A3 14
6C 71CCD4D3 B4B8 3F5B EB01 4E5E 34
6C 789C09A9 F38C 9ECB 84A6 7A58 37
6C 8E065BD1 D7D9 75CE 8A13 3AA2 28
6C 9EDC376E CE93 0710 07B2 AD9E 8
6D 0F522EA4 AAAC 73E6 2C46 72BB 32
6D 5DFBD2DB 891A BAD9 DA44 0128 48
6D 7593CCA8 2F87 C34B 643B DC0C 12
6D 79B9E47F AB80 1119 71A3 4BB6 46
6D 8989EB01 B5F1 D950 F9A7 2F5E 34
6D 8DC7C3E0 0F61 67D1 EBC5 251B 8
6D F922DB0B 89B4 1A31 E560 BBE4 20
6E 2F4C8654 DDBF 9E16 3CB1 D053 9
6E 6C7D3511 95EF 4F28 AFF1 72B8 36
6E 7CE2F64A 6041 E5BF 0730 6C52 42
6E 9A49B18B 6D50 673F 1FF1 4E76 47
6E AFDF2E7E 3A78 C60F F891 B9DD 38
6E CB7F860C 95F0 DABF 8410 2A6F 29
6F 1B4DBF84 A0C0 EA60 D822 23A6 45
6F 5CB20884 8FCB DF4E 9585 6172 19
6F 835337F8 DB3B 019D C510 C4F9 5
70 7900E09A 64C4 9ACD 101C 4C8E 14
70 A87521E2 CFBB EBD4 A7F8 DB29 17
71 3E2AE0E2 9017 D5CB 13D5 10FF 25
71 49845A85 1985 2927 25DB 0B01 47
71 D604A8F8 61B2 A0C4 6F75 577D 11
71 E3302C40 39A3 1432 7A87 2370 13
71 FE39173C F542 F7A0 8399 A61A 33
72 44A5174A F48C 2228 DC2B 734D 38
72 4A6C04EB 884E 583F E8E2 6537 9
72 A9F69E16 91E9 4DEB C2F0 B661 15
72 CB1A4FF3 8268 B672 C70B E400 2
73 7732A56F 9884 B5DF 8874 3991 47
73 A10AE9F6 E45D 4EDC 7F73 1E2C 33
73 A4F5702A 691B 9458 67CF 70D2 27
73 BB70927B 1EE5 D6B9 0D1B 323F 40
73 DF4F883D 7CB4 F186 1F26 87E8 12
74 20E3B3C6 09D4 69AE 322C A049 50
74 29FCAD8C 1D71 1505 97E9 C6FF 9
74 5CD2AEEA 1369 EE20 282C 068A 1
74 7A963AA7 1BBC C353 4907 CC43 16
74 A14A7E69 47F7 BFE1 F180 8289 38
74 A3B13589 A25E 78E6 67A0 10FB 25
74 AAA95052 3EBF FA1F 0D3E 8D8B 40
74 BBDF4A3B 2706 70A8 CEDF 483F 39
75 03361FED D46E E67D 73DC 9952 14
75 4E893A1B D2F5 00B2 EDD1 ABFC 38
75 55234C59 AA47 AD94 FB83 334D 25
75 5B8517C0 374D 6FFF 304D A608 8
75 7D26017B 984D 0F39 A9B5 5506 50
75 80626F04 7CED 4B9D 84DB EDB8 24
76 46350641 A132 0C15 AF42 88E9 45
76 534F95D5 1BED F38D 44A9 6DF8 17
76 DB8CC9BF CC42 5485 14E9 EE76 31
77 23251DD1 B324 448C AF93 A711 10
77 4D6E3F85 7090 A7E5 3B8E 9510 27
77 AC11C347 0427 6C07 1197 7E51 9
77 AC60F7E7 514D C9F3 128D DF3A 9
77 D45F1D1B C321 0CF8 C094 FAEC 39
78 31801E44 D820 15CB F1FA 4B4B 38
78 3618C6DB CB0D AC21 CEB3 710D 5
78 3F1A3B8B B2F2 6AF2 C686 B745 47
78 ABD9BC0D 262B B223 0ABB 3FBE 6
78 D6A462F1 8B7E E16B BE8E AE4B 30
78 FFAAD956 F832 95F2 4D5E FF61 5
79 FDE7BD38 CF28 5CBF ECE3 3277 38
7A 33F9CA16 B9A4 105C 150E 168D 37
7A 433AAF69 DE8C A6C1 8BDA 2B59 28
7A 457D68EE E489 5502 E3C1 4362 50
7A 8CBE45CD 04AF 95EF 9738 6217 4
7A C87BB455 41E9 898B ADE3 1F04 1
7B 44314B85 8BE7 E17B 875C 6FA0 23
7B 5F3BA7E1 15D5 3D64 D924 8A1B 39
7B D32A7CAA D234 80DB 55FD 0343 14
7C 2D00D8D6 638C 30F6 2B47 477B 32
7C 4B787D1D 31E1 A7D0 CCBF 36A4 7
7C 852E260D 5855 F67A 7734 CB58 32
7C CF698AF8 7AC8 9570 97AA 35E5 3
7C DE5354A2 EBDA A4E7 D5EF 710A 19
7C F5A10664 E2EF 4872 9792 605F 41
7D 0869AFAF 0969 AA5E 0C95 6A26 6
7D 091B16A1 5AFC CB4F 9A9E 49A8 34
7D 0EB094C0 BE30 39C4 ABA0 9037 13
7D 57241BE3 A3E0 662E DA96 9CE5 5
7D 5AD51419 3164 E13B 8A0A BB8A 46
7D 9434D651 D31D A2E8 5328 641C 14
7D B8FE7AE5 C6A4 8A17 C1C7 B0E4 45
7D BF675F68 186D 9120 1AD9 B0A9 37
7D EAB278B5 01FB 2428 33A6 F11D 41
7E C53A6684 7810 8554 6FD4 F5ED 6
7F 3D96A290 8B89 4D29 47B1 F11A 2
7F 90C44772 7E9B 06BA 5B60 EFDB 29
7F 9152BF64 3D7A 7A05 6832 C14C 42
80 084ED600 77FC E918 5EC5 74F4 16
80 15C693E7 0B2C 7DF6 2816 5105 8
80 531A05F1 2092 581C D7E9 2C24 33
80 8DCD6964 CBA0 1135 0B62 FFF6 40
81 1305C805 4B52 E3D6 56CE 6B2B 13
81 45A8A554 7E10 717C 844A 679A 42
81 5352FE32 C6F1 30F4 D2A3 7BF5 4
81 8B4F3DD1 377F 40BD E58E 335B 45
81 E6AC86A9 4ECE 9F90 A9ED 0943 22
82 692F4AAE 0B82 9DFA 1911 CD5E 49
82 B7816216 7A45 0435 7FAB 9C26 49
82 C45C9B2F D824 DD42 08FB DB7B 40
82 D219BA43 538C 2D84 9205 82C1 32
82 FD0199AF 0838 072D A688 86E9 15
83 077DA623 A4C3 36F5 F215 A7A9 9
83 273318B0 EA53 6FC0 7230 7EE1 41
83 7626201F 049C 0114 4AF7 2AD8 33
83 87DB9F35 3F64 3B4A 63D4 135D 38
84 18D0C530 2A66 68A0 8693 E07D 7
84 40316E89 1802 FF5D 9BC7 A0BB 8
84 E5A6BED4 17B4 EE04 EB9C 3BBB 9
85 8865A289 DBD9 3022 4C83 9DE2 4
85 A0E1A4AD FA43 58A2 08ED C98C 14
86 35F038B3 306D EA3D D88A EB3D 1
86 61B728C3 7C6F 8120 102D 7B64 50
86 ABE91A35 C64D 130A 972C A209 23
86 AF79E862 C28F 6154 7960 80B8 38
86 CFE83B25 F82A 55C5 D195 44B1 39
86 E1265E5D DE4C A581 AA2E 816A 38
87 3C1DC45C 6E81 7EDD 86EA 0CBF 14
87 4186DD43 225B 91CA DB82 F86E 7
87 C4DBB88B 54B4 1E55 17EF B045 8
88 29FABA4F 3680 E6E0 E028 A085 21
88 7E2A02BC 13C9 B211 58D3 FAC2 45
88 9474FA1A EC57 B622 A5DB C06A 6
89 1CA00DBE FB7E 0271 4E4F 0243 47
89 2761F1F0 80C7 106B 63C4 4792 50
89 3F106E1A AF3A 30D8 5383 82AC 12
89 5777FC6D D5E0 2664 578D F441 24
89 8E2A309A 21D2 79CC 4D0F 0647 33
89 F0D70BDE 63E4 AE23 9E6B D9E5 48
8A 0B8B40C7 0336 F98B DC2D AB3D 21
8A 1702AB72 C91A 198D FC7E E321 44
8A 6CAFFC4D 62AB 9764 F304 C0AA 35
8A 7E45AF75 DE46 6AF8 2B0F 9527 30
8A 8912109C 542D DB6D 4B15 621B 2
8A 925ACE61 C1F5 2A0F 9954 9F01 39
8A 9CC0BEC4 240B 1A20 4346 4CF3 9
8A C32317EE 7037 20C0 348F F0FF 1
8A FD408AF1 5DF7 C432 9869 8BDD 24
8B 30DDBE36 24AB 5C36 511D 4451 18
8B A85AEC44 CA4D 5AD4 2FAC 460D 41
8B F15455BE 8A80 B8E0 3B74 E736 22
8C 0F2B8FA3 227F 10D8 B7BB FEBF 8
8C 28C3CD3F 973D A06C 9CFC 21FF 48
8C 5B41AA52 5D67 EED2 3C03 A7AB 43
8C A1B880CE 2022 DE3C 144D 3DA5 27
8C B99B2167 D838 A930 8E00 C37C 14
8D 17126D94 E695 F508 2D43 9CF0 3
8D 7C4EF19B E426 7582 15EA FBFA 41
8D 89DE39A9 2A29 C08F C9EB E918 37
8D BDA34DD6 C607 3B68 517A BC02 47
8E 1796E9F9 30D4 6B25 4357 6CAE 4
8E 4129DF56 5D6B 039B 251E BDD7 4
8E 57936404 A387 255E E0D8 0A08 6
8E 8709B323 9B18 D329 BAB1 EE0A 3
8E D667D979 16E9 8DF4 728A 8137 43
8F 402192C8 4C33 413E 83D8 6067 11
8F 4ACC146A 9C62 3363 6265 56FE 11
8F 5DAF423C 8CD1 4A1D 7139 24C6 44
8F 723722F5 E2B1 550B 8BA1 DB0F 17
8F B2AAFAB1 1C96 13E0 1E5A E4E7 19
8F C1804919 96EF 7452 22AC C79D 18
8F C3BC094D C7AA 491D 5B65 1025 48
8F FFD4A5A0 E28D 28AD B377 A2E6 18
90 8BDAD904 922F DBAE 0701 0B14 7
90 B50AA0C2 F181 BFD7 0CAE 0BF6 5
90 F65F9392 45E8 AE83 778B A818 15
91 074738BA 7AEF 947E AA89 7B14 25
91 2DEA4832 DC8D 00BA CDC8 97DC 22
91 B87CCE0F D8EA 2ED3 D71F B29A 40
92 13697576 0414 2482 5691 4ECF 40
92 95125733 C6CA 738B 57EF 4145 47
92 C6D38525 9411 079A CFDD 6181 32
93 5165936C 2552 7173 E426 35B6 17
93 F2D6B991 C2DB 308A 64EE DFD7 9
94 0CAB2AE5 D6C0 B3D2 2A60 6237 50
94 3E7E804A D037 619D 391D 9323 49
94 B09757FC 51D2 1121 5D3D 6E3F 38
95 1E491E83 927B 1758 029C 5439 41
95 3B1226F9 D9C4 E8E0 4947 4487 26
95 4AF194AF 34BB A9BA 851A AF9E 39
95 90EF055E E2DD 1F36 F02B 775B 8
95 E24FAB29 997F 1C19 5582 F384 16
95 FF10170D DECC 767D 3978 1B0E 1
96 6D74F8A7 BEE7 3752 71D6 64B0 19
96 8D3CB7CB 5061 AA70 F7F3 AB11 22
96 F59B9FFA 5448 C2BD 2639 5807 9
97 293C3E84 AAA8 E733 BD1C 9E72 20
97 55DACEA0 4D06 0286 920F 0509 2
97 9C1178AB 07A2 6EF3 3873 7456 20
97 BACD7844 5874 64EF 5E75 5507 6
98 01E9882B FE26 2F82 096F F0B4 11
98 7D74C036 4429 3BFE 1353 BB31 3
98 9264B4A4 FD6A C923 829B EC16 18
98 CEA2F098 E750 1BAD 00EE 8D79 43
98 D55ADFAC D7D6 A67D 428A 0AE5 47
99 7C391F90 375D 272C 7127 A28B 2
99 A94FF93D 3B76 840E A015 9DDC 50
99 C28DD07D E63A AC73 FC06 CA59 47
99 CD6AD639 00F6 136F F7B8 0F38 4
99 EAD628AD 4441 6034 50AD CFFE 37
9A 0C5369D4 72EE E852 DB6C AC2C 17
9A A4A6E912 369B 4D7A 74E6 221B 13
9A CD5CFF70 E828 0D9A E08D 77BB 40
9A DA651878 2143 7675 3957 5DCF 14
9B 27B26D5B 0D65 3786 D31E 5198 21
9B 92BF5AB8 B68B 373C 8404 C53E 28
9C 2CA5C30E BBAB 6503 46C2 E2FE 15
9C 381BE769 A500 CCE0 9C28 C4CA 15
9C 457C07D3 046C 49B0 8BF5 38FB 22
9C AB1CF462 FF3C 9DE6 9EB0 4BCD 7
9C C19D0CA7 2331 BE1B 2BF0 E13F 7
9C E0FA0F89 D719 D258 3BE6 BC63 3
9C EB6F15DC 0BB5 BBDB 7B97 6335 23
9C EFE7EB6C C07B B113 6885 74D1 41
9D 05C8EA5D 9743 A810 70AE 4EA5 7
9D 4FB4F665 5D46 D387 D0F5 96A6 9
9D C85068A4 802D 0EF5 E16E 91D1 40
9E 1E8131A7 7E39 4412 3EB8 8059 24
9E 90C05ABF 3073 C6DF 682A 714B 29
9E FF9E0118 FEA9 1177 3BB7 E7E0 13
9F 612DE066 2C81 1505 1C90 2873 42
9F 6E9292BC 191A 3A1D 4523 AA77 10
9F 778D30BD C072 21EE D3E7 1DBC 34
9F 8D86DC3C 50E5 DC75 3ED8 C057 36
9F B167E377 4362 CD28 332F 4E21 47
9F E352DC38 2112 1A4B 5028 FDDB 25
A0 1D842518 954E C045 7730 B510 47
A0 56AA6760 E2EC C6E7 F04A 32C6 15
A0 88005582 7C92 2122 BCE5 E1FE 20
A0 93EE1270 F70E 5AB2 ABB8 849F 25
A0 B3A57CDE 4366 B13F 6A50 17C8 39
A0 FAD8ECC4 B790 8941 3360 622B 46
A1 59B4BCB1 54E7 EB98 D30E 56D3 39
A1 71D2880C 03AF B3E0 00F2 6D3A 1
A1 76E49DB3 D7B5 2915 E0BB 1F13 49
A1 9B2D3B7E E579 21B1 62A4 5392 36
A2 438A96DF E2AD 6DD0 AFA7 1E8F 34
A2 522239A2 7BB9 E388 F59F 16B6 19
A2 B0DFDAB6 DD13 D88E 1027 26D1 36
A2 B93F2887 B9B0 0BCF 942B 1B54 8
A2 FFCB6C2C ED22 52BB 1E27 6B1C 26
A3 059D909B F125 14E5 7BE7 5957 30
A3 1175D907 D4E5 A53C 9779 5150 22
A3 23218E0D DAC4 7908 F834 58C7 16
A3 3A87E5F4 443D 54E5 8004 CFFF 37
A3 59994CFC 27C1 C4D5 C640 B362 27
A3 D0BECDE1 20FA C9A6 803A C7B4 12
A3 E9777C93 F9A8 DEB5 7610 C2B1 44
A4 9379514E A5AB 8700 B676 F4CB 17
A4 B0FEC32E F638 6CC5 7EB5 47EB 26
A4 EBC45A60 6FE9 3CA9 EE60 219B 44
A5 08B4C7DE 360D 0E9E 47A0 3734 47
A5 16DC7D4B 44FE 4300 3975 EF17 12
A5 1782829C D255 1247 D055 21B5 20
A5 5AB34FDA 197F 53DD 47BB 5E4B 18
A5 6F15F07F 4B82 C810 C3FC C11A 47
A5 A5ADF5F8 8E80 1C33 33B8 11E6 13
A5 AAF4CC11 9B89 9A55 EC15 935C 32
A5 AE4CBD8C E12E 9B4A 058D 068F 20
A6 5A4ED384 CED2 4E3B D852 B45B 41
A6 8D17882C 7923 7915 7C01 C886 22
A6 9F52BED0 F454 12DC EDBD 7252 39
A6 B7AE4A92 B21D 037B B580 1FB4 2
A7 714CD36F BEBB 183F 2452 CADF 48
A7 8D6F7062 86F2 932C 19D9 9038 2
A7 B09F58FF 0422 C03A 6056 6A54 30
A7 E1A2AA44 D7AA 1181 11B0 0B8C 7
A8 022330AC B848 EFF6 1CDD 6D81 50
A8 1686B686 D91F E4B3 4A61 DFB2 38
A9 0DE24BEF E56D 6257 6C46 D01B 13
A9 23B4004A E062 740A 93F9 6E90 25
A9 5DBA9DB4 5838 27D0 A3ED F5B3 14
A9 71728B5A E539 77B0 6F43 083D 11
A9 7A0F28E3 62EC 0527 128C 6ED0 29
A9 8F7230AF ADB0 D01E 1498 8176 47
A9 973A757D AAF7 6542 F655 42EA 16
A9 B72B1EF3 471E 5643 D6F8 A04B 19
A9 D8135D9A BD51 0322 8C74 47CA 35
A9 E436B1A5 3D5D CEC2 B4C8 94F2 31
A9 F8EC3967 80C5 710E FC16 D100 9
AA 085503CD 8DE4 6BB0 0DAB 7730 46
AA 17C59EEE AE99 FD51 AF00 4F49 46
AA 34CCAC36 08B7 BF8B 28CC B05C 3
AA 3F6E06AA CC5D C49D E0F6 20C2 26
AA 41ADBC82 1338 D84F 3354 CA86 34
AB 0262E0BE 4F40 0E40 9013 7925 8
AB 2B1BEC11 F6E7 937A 6BF5 1638 22
AB B371144B 9D3C 9FB6 B16E C037 12
AB D4129D28 7D5A FF1F 7733 BE2A 12
AB E106E1AB 3E15 BC62 8705 F6B7 36
AC 3B218A65 D3BE C25F 0AF8 7A64 20
AC 6EAA6D0D F582 02FE 09B1 EDD5 5
AC DA623AD2 46A3 CD56 16E0 40B7 9
AD 337D1DB3 76E2 E242 76A4 D818 6
AD 4A31B091 43C0 7722 4BDA 08A1 29
AD 587F13A3 24FE C4F3 B198 A0A2 10
AD 617B652C EA03 4CFB C59B AF35 47
AD 9FB71F18 CB35 5756 3DD9 3E3B 4
AD ADE004BB 1C0D 5322 CB49 1F1C 47
AD B9E0B228 F548 74D3 0379 B7B4 40
AE 1DD82C34 F3D9 2124 76DF 44D7 27
AE 25D56A1D 08F4 5A27 1A36 D782 3
AE 2C6895E8 E794 E4E7 977B 0CE7 10
AE 2D515C76 1376 AE2D AE6E 5156 22
AE F8F5CE41 61BC CDAF 1284 49D9 2
AF 61EBF7B9 BB9B 8BA3 5865 BFAF 6
AF 6311B443 4663 E091 5C5E 40D3 37
AF 8DA3739B 1988 1758 0FA5 2863 7
B0 0D1DA6C8 7EAE 3512 A5A0 8DA0 27
B0 24C49947 E7C8 9F49 C037 D569 32
B0 67348C45 C0C1 4344 6BB6 D770 18
B0 ABA4DD25 C25A 9DE6 9852 E4B9 2
B0 BEBC45B0 8B84 C403 0DD3 4D60 32
B0 ED5B4EDC 1186 2BEC 5732 1F10 41
B0 F483C199 7CAB AB87 A4C7 3262 24
B1 4009FEB0 AFF7 3192 E21C A313 11
B1 5F5F3836 C1D7 BDB5 AB2F EB59 17
B1 6F2C437C CCA0 520C D4D1 9501 32
B1 85780735 061D A134 5CBF E0FB 8
B1 BC8C7386 0DA7 3271 AC77 3FFA 35
B1 BF79FE3E A283 C4D6 78E2 98DA 9
B2 1D3730D0 6705 40AE BF1D 2BE0 4
B2 23B30A49 3D0C 805E F1C6 88A6 15
B2 4063E707 B784 FC94 84D1 DB5A 38
B2 662432E3 B8A6 A147 9CA5 2308 39
B2 6ADDB7B0 B6F1 B865 46BD 256F 25
B2 8F57E84F A8C4 D801 8F20 4FD6 9
B2 F082EB9F 6F9C EAE1 8802 3F04 19
B3 1D8F7E50 7AAB D1B8 F46F BE5B 37
B3 80DD36A9 9EAF AB6B 90FD BCE8 25
B3 C18A2FE5 E8CB 787A 3DEF 3D19 13
B3 D0727EE0 FD80 8D9D 11BA 13B4 39
B4 0457C87C 4CE9 1F04 9584 7534 31
B4 7E765ACC 634F 99DA 2355 FC42 8
B4 B94014AB BDC7 C1B7 FB1B 0874 48
B4 EF435F2D DC0B DCC0 6D29 582D 14
B5 2360B60F AAAA C274 DA2D 45DB 5
B5 34C9755E C1E4 AA4A 0755 F4BC 33
B5 377724C0 9F22 FB90 7FB6 1370 31
B5 97486E72 EC02 9400 A3EC 626A 44
B5 B19E29C0 277E BF94 0858 1E82 39
B5 D3DA077E 7594 E818 32F6 5D31 40
B6 106B50B5 EFCB 3583 CC04 F7A1 24
B6 2C193AD3 8949 9B15 5C16 D93E 17
B6 3F670047 AF1B 5DF5 9868 A8E0 27
B6 517A56F3 D039 A329 8E46 6D29 43
B6 A0189198 1591 70DD BB4E CBA5 13
B6 D9156AD5 FDA7 DC15 FD26 4248 30
B7 FAAAA64E 17DE 9B0D 8639 034A 17
B8 0D5ADCD0 932A CBD3 EF65 DC69 34
B8 5C0B01C2 C80F B242 C55C C527 47
B8 713C14E2 A3A5 07D3 930A 7FAC 29
B8 B09DF56C 2B2B 5F72 B022 4742 24
B8 BE1F2C40 B873 CB26 A66F 03FA 11
B8 F941A06A 561B 874C 5820 7771 21
B9 0F3344A3 A8FD D715 E41C FF81 30
B9 6C48969D 6F43 4E95 9FA4 25EE 16
B9 A46F55F6 A198 CC74 E459 226C 2
B9 AE36EF53 75DF 0572 7954 E95A 2
BA 08EA3EB8 70E9 EDD4 8C80 4E8B 35
BA 2C00F857 AE91 D021 248B F111 33
BA 7D9F2235 6564 7AB7 A7AA 98E3 31
BA 8B9EE24C E685 4A57 8C11 6CAD 33
BA 8C7BD7D6 F7DA 5BF4 469D F523 11
BA E0ADBBE5 4464 52F3 3A71 19CD 45
BB 54F770F2 470B 8F44 27DF D024 20
BB 930746A2 23DF 415E 9328 D55B 49
BB 9929FA55 2189 8F2E 2B7F 1A5A 33
BB 9C2AC8FE E1C3 679F 63AD F462 34
BB A62068D2 24BC 8FC1 CF3F 1689 45
BC 32D732CC 3E20 E5D8 5334 959A 10
BC 444845E5 8ACB 1ED0 FE9F AC9B 24
BC 7D6CABBE 4802 C9D3 E930 2B80 48
BC 8F10EAE0 E86E 1AC5 6E05 BCD3 41
BD 0A368277 7D66 19AE 3AEF BE72 21
BD 0F914242 5C25 44F7 B3D7 96A1 48
BD 46D3B7FF D88D 478D A99A 9A0B 36
BE 1ED8EEED A5FC 38D3 803C E701 45
BF 30DDC9BB 1EE8 16F7 EFF3 501B 34
BF 6F368FED 0D6A A223 AE4E B0C2 20
BF 75CB7A7F 995F 0881 C8EC AAA4 17
BF 955C3305 0DDB 7AA6 2464 EC3F 4
BF C0104FD8 D7B9 A904 8328 3222 43
BF E20060C1 2E4D 8159 C353 9A47 11
C0 40252618 6C65 A4E6 750C F4ED 31
C0 A205E601 A769 FD80 A8B8 1531 31
C1 28743CBC 6DE6 C81E 74EB 6A30 50
C1 77547863 C574 58B5 E06C 5E19 42
C1 7D4FAC47 DF39 5700 5509 B8A9 24
C1 86899F6E 46C7 69C5 602E 1E2C 42
C1 8714568D F69D 4EEB D7E1 077C 37
C1 BDEDE90A CDC4 33DD 9B13 8E2B 47
C1 C65ADF73 4904 282F FEE8 A0AF 25
C1 D7A61B32 9E3E 9123 ADBC D1B6 32
C1 ED336DE0 DE52 491F EE66 8074 32
C2 3D80C548 D5E1 1068 F006 4675 48
C2 58C0E9FD 49CB C7B5 2394 E900 41
C2 D601DCCC CE49 F100 5315 6F55 7
C3 4C5AFD79 52D0 919B 60F3 3B49 23
C3 93CB01BF DDE6 0AFD 6731 9712 33
C3 B56BF544 216A 8BE6 0655 D843 34
C3 E3BC48BF 78F1 700B 2764 05E0 23
C3 F38996F7 008E E4CD D29D 85CF 41
C4 55F1C7FD 00F1 1B23 06CA ED78 40
C4 870CB10C CABC 69F6 75C0 3DDE 17
C4 A989CED6 9910 EEEC E4EF 243A 25
C4 C3EE50CF E4D4 667E C867 45ED 2
C4 D45DF0E4 AA1A A993 FEBF 4CA5 27
C5 ADD114E5 F05F 104A D710 D9EB 46
C5 D12537B4 347A 99BD 23D8 6250 5
C5 DDEABC51 D2F2 9342 0ABF E766 23
C5 F5AE3EAE 6535 2501 2E85 06CA 2
C6 14CEAB69 814D CDE2 C38C 85DF 49
C6 480DB32B 1F47 AFA9 2074 1DED 25
C6 C44D074E FC24 7F77 8553 94E7 47
C6 CBBF4626 1C3C FB1D 3563 C0F6 18
C6 F7E919F3 E458 9129 E511 A0D9 47
C7 208944B1 84F5 1E87 02C5 FFC3 33
C7 4FA3DCC7 6E39 EC4C 022E 043B 6
C7 7F81BE7C 37F9 D957 554E 6D0B 5
C7 8F2DA7B0 A342 4D5E 6D6D E922 4
C7 AE4D1332 7878 95A7 A7DE ACC9 4
C7 B883FA5B 58EB 319F 7914 D84F 46
C7 CADF22E3 14C1 5223 267B 6F09 20
C8 A0C1DD29 6F1E 3CD0 7BF4 0374 17
C8 A5154E91 87AB 5878 DAD6 8B6C 24
C8 F2D1813A 36AE 920A 004C FFF8 33
C9 3A627CCB 6C34 C8DE 07F7 18D6 38
C9 5ACF9D41 A4C8 F2B8 A28A D916 6
C9 DD295E69 D1C1 C5F2 689F 4E22 1
C9 F6CD11CB 5C02 8268 FBFF 0A00 42
CA 16F6727E 3C0B CC0F 9E6A 346E 27
CA 2A303274 6F4F 0207 1B4B CD40 3
CA 45519738 7A15 79AE FD4A 3D47 6
CA B79288AF D9B1 25BE 3807 74DE 12
CA F425B5AD ECF5 2F05 BC17 56FC 20
CB 17618A78 11B1 ECD9 53C0 AB9B 21
CB 1C2D8509 C9D6 1835 8B14 2243 1
CB 3C946090 9DB7 7B3E 7F92 F0CE 7
CB 75FEF10E A9D3 ED13 D310 D9D9 29
CB 97ACE788 C9FE 622B 942D 9268 9
CB AB9EF8E0 F91B C776 B395 1661 1
CB C9C6D636 3D04 F0FF ED97 3924 18
CC 349FA3A0 8320 EDB0 AF1A 15CF 12
CC 6058C5D4 1CCE 3EA4 9A7D 5965 47
CC C3FC26D4 0FF8 6C90 CD4A C03E 32
CD 10EA9BD7 5217 A41E B044 952C 17
CD FFB089B1 49BE B8F4 BE7C 8513 39
CE 88ADEBA9 B24C E4C4 D537 730A 18
CE 88E78137 B1EB D924 6087 CE5D 7
CE B91DD394 27A6 5693 249C 3AFB 38
CE CA25DE1C 9FDF E937 132D 40F9 13
CE F4C48267 2408 F5BF 6204 E278 26
CF 29A8F166 88B3 DBF4 AA28 2BDA 46
CF 5135D162 0796 DD35 E228 2002 8
CF 7DB2CD0A 7372 993F FF52 F9C2 41
D0 1F503C2E FAC5 32CF 92EE 9BDC 6
D0 7F4C514F 36F3 1597 E6B8 5B3A 6
D0 A3C59A2D DCD8 AC5F 88AB 691F 40
D1 016AD78D 2F0B 542F EAC5 FA67 34
D1 B112B081 8D61 8926 A067 14BF 1
D1 F96A33A5 CEC1 5F9A D51C 9F40 45
D2 28A395C3 7B60 3B4F 9298 759D 27
D2 DE159364 8B3B BCE2 B010 3DB2 25
D3 AE6D4334 1E1F 6768 C21F CC68 35
D3 E1F9202B DDD5 CE9D 8C82 531A 22
D4 04572DFC 2F60 66EF 7FF7 4EF4 30
D4 6E4F6F91 4E71 5EA9 EDE7 C34F 19
D4 6FB21916 0388 21EB B600 72F9 19
D5 0149125E B123 B8E2 1EDA A167 33
D5 7CC0FD17 D6AC 2189 E7C2 2FFB 47
D6 4C645DB1 E7C6 4B6B D516 4E1A 39
D6 5EDB2E7A 0631 9156 6745 3143 40
D6 AED34659 23E7 F7AE 82ED B9CC 35
D6 C48F12AA 20D3 5D49 EDFB EF24 23
D7 153BB7A0 547C 967A 96F8 8786 50
D7 51591BB7 39D3 2749 91BC 04D3 47
D7 75AB9F39 25DA A4DE 9938 CE09 27
D7 79B01848 0432 7334 6F63 5D4B 38
D7 9B68AB86 7371 D315 FD9E 5C2A 25
D7 E1620B28 4532 49B4 8813 FB88 42
D7 E43C44BA 277F EF81 1AB5 D41E 27
D7 FA611BAF 47C2 6BB4 ED44 6310 16
D8 17355AD2 F374 5151 A639 8EB2 18
D8 8B1CF78C 1AAE EA24 F78A A760 48
D8 A177AC5F 700E 04C5 1C42 6C98 14
D8 AE24177D 63CF DA4D DF51 73A9 44
D8 E51050C5 D1A4 5B69 05FD AA68 41
D8 E53BDB12 4CA9 00C4 4FFD EFD6 1
D9 03F089FC 29F8 ECC5 D568 437F 35
D9 5D71CD85 2822 5425 E768 C0D0 34
D9 CB714442 DB24 0B4D A110 A19A 47
D9 DB9411F7 2DA5 30D2 1819 2853 45
DA 0AF1C5C0 7C69 DABE 990B 1A66 45
DA 2810A397 801F D71A D894 B111 43
DA 2B2302A3 038C 0483 DA7F AF2A 13
DA 914250B4 7905 D5CD 55D9 EC12 8
DA 927CA473 1860 28F4 E2E9 82F9 49
DA BBF4C4EB 02B5 56A9 8953 2D26 41
DA CE506336 6434 EEF8 F3B4 AB55 34
DB 6A9D7839 6908 A41E 471E 45B3 41
DB 6C7F9247 21BA 2FA7 19D4 E5EA 26
DB D3CD03CB 15A5 FA99 F862 92AF 27
DC 4FF97754 84B1 BC35 594B 68AF 50
DC 5D2C51C8 D6C9 DB67 25E7 84EB 16
DC 702419D4 355A 9D0F 18CB 3F31 47
DC 845A4127 9DA8 398E C51A F08B 49
DC 97559A78 21B3 3B04 A4AF 951A 22
DC B5B10BC8 BDDE 4F14 2A46 AC18 8
DC B6B9CC8D EB85 18A7 D481 B420 12
DD 3D75B3DB 5A57 67EB A7B8 3846 15
DD 7109955C E353 5E5C 43D2 B0E5 18
DD 7FD2B565 5344 45C4 1DF4 6BB6 30
DD 814C2823 E880 5E09 373A 7DF2 30
DD C95B5389 4DDB 05A5 427E CC59 28
DE 508A52BA 6615 408A 60E2 A168 33
DE 61C8DDE2 8015 2328 524A 0E4C 24
DE 91D034B1 D01A C3C9 198C 5252 16
DE F780E908 F213 484E 31C3 4718 7
DF 2BAF1431 782F 3144 315C 81C6 28
DF CBC3AC4F 5760 CF18 4BE8 12A3 10
DF FE28F5ED 5C55 6B73 11A0 B7D3 12
E0 045ADB4F F6F8 9FDE B83F 3040 8
E0 206D8447 DDAE 2162 D0ED 0313 26
E0 4F6CC324 E56F 6931 7419 6887 16
E0 7045D678 3DA7 AE4E CA31 0009 6
E0 90C1A41C 4152 1D0C BA61 44B4 30
E0 BF7A28B7 C209 B508 76E7 DA69 27
E0 E40D2A24 6D0F 9290 31B1 BE07 35
E1 1DE8DDAC F543 9052 2DF9 3E56 17
E1 302CAE68 1BA2 6347 D45C 5E33 43
E1 36F9BE9F 388D CB60 3ECC F934 16
E1 66480D55 4C35 C57C D9FF C86B 13
E1 F1B4525D 69C0 5B21 85BA 8AF4 23
E2 69803A15 5E0C FF38 CB50 02B9 34
E2 A79B9A30 91FC FBE8 1900 4F61 35
E3 3B5D0AAB 5CEB 3920 153E BC9B 40
E3 3BCAAE49 4A96 D6BB EEAE 4EE1 2
E3 5F6E5B40 43CE 0423 10D2 0FBC 40
E3 869B6BD0 2F55 8010 692D EA16 32
E3 88E43AED CCCA B5F8 53BB D16E 40
E3 A356A249 772C D8B0 2C3C 49EE 9
E3 ACDC3AB6 0A27 4647 09AA 8A2A 1
E3 C378A116 3782 EC77 7E59 C509 7
E3 D50C7657 8F49 654A 5AAD 6A10 28
E4 1968A2AB 2983 EB1D 2671 5C75 20
E4 36FF545B 00C9 B7D7 8441 AE44 42
E4 6FF9FFF2 ABDD A86B B251 7FB4 37
E4 83847848 F98F B6A9 5149 BF06 12
E4 EBF6D63D 0112 DE37 771D D74E 48
E4 F00DE3D9 64B1 2377 4E6E C1B9 24
E5 009A5F59 F136 0EC7 AE39 52BF 36
E5 123FDFB9 1875 CF76 07C9 6A59 10
E5 4BAAD953 F674 1EB5 D119 5162 1
E5 A44D09EE 2500 1D51 F758 C900 22
E5 AA0C15AA 8ECF 83B5 3FE4 DAFF 3
E5 BA226BCD A853 5CA5 76D0 F527 30
E5 E8785A70 3711 FA7E 20AF 95CE 47
E6 2316DDB9 438F D28A A099 1770 33
E6 2A61A5F3 0DBF 8F79 A241 07E7 3
E6 4CE1CAB9 7D87 9071 41DD 381A 17
E6 61B735E2 12B9 C259 913F 0745 23
E6 6DF4A092 CE9A C253 DC77 0D12 50
E7 14E1B18C 7DC2 F9AE AB12 8546 38
E7 199B606C 0B07 7BF1 BEFC D936 30
E7 363F4588 52E9 8DA3 00B2 FA1C 37
E7 54D9CD77 5303 4E0F 7E65 583E 49
E7 68B50419 C637 CC0D BE8A FFAA 22
E7 AF00D5F1 3C98 4B13 A5B8 4578 23
E7 B3187033 BDD4 1FBD 1EC9 2583 13
E7 F2C009B3 15DB 9A1F 2F6B 4FE0 12
E8 0D84CCE4 FED4 4C3E 11F0 29A4 47
E8 137C5642 E66C AF33 5FB5 A960 22
E8 359B8390 BF2F DCFE FB37 7393 31
E8 45C9BCB5 5987 9F91 1E65 21EF 30
E8 5088BCED B1A8 B491 B2F1 18DA 16
E8 8EA69C0D 6D8C 12FB 1CB3 7826 7
E8 97464E5A 1430 6D17 3108 0410 35
E8 986B6AEA 9D32 AA02 B877 231A 9
E9 3E6F251E 8475 3AF4 44CA 7488 19
E9 470711A1 5902 946E ED3F AD9B 8
E9 6373245B E32F 5BED 4499 044D 37
E9 6DB37A8F 2209 A0DB 0821 88BE 43
E9 C5DFA7F4 04C3 1B87 6F2C F5A0 44
EA 082304CD C070 E396 1C92 35D3 6
EA 217F6B74 E228 D6F7 B741 4BE9 17
EA 2E783CDE 084F CF41 5698 4952 24
EA 5135ABF7 D952 094C F3CA C26B 35
EB 6B9151E2 18B9 EA03 3A4B 3D84 9
EB 7C5BD218 2808 ECA3 A52D E41E 24
EB 8A99A36E C7AC 63F3 CEDD B414 35
EB A208F9B7 D22A 252D FB18 EDF0 22
EB EB9A8C73 D624 D9A8 7C65 CC30 40
EB F54DA8F4 2E4E BE41 86B5 E1BA 38
EC 243029DD 813B 80B7 685F E754 27
EC 90C22A29 DB5F 7500 B267 BB2B 5
EC A6A90FE8 12F5 FD28 18ED 89CD 25
EC D9F14618 ABF3 6A17 74FD E725 8
EC E9A9CDD0 6CD6 9EDD AF49 3B4E 32
ED 1DA2DC6E 9EA6 51A6 E184 946E 13
ED 206CF071 1021 57A9 8BED F0C7 8
ED 2BD961C1 6944 DC08 747A F27B 8
ED 37B02C65 2A40 27F3 27AA 005E 24
ED A1671000 92C4 4DAE B8E9 6510 28
ED C2E3C015 6193 65B7 2AFD DDBF 27
EE 1BE581C2 BF6E 2C35 FDDB 82F9 31
EE BC737250 A0D4 1F88 0EFD 4829 29
EE D2693E8D 042C A92E FE85 279A 27
EF 13E8F5BE 6963 EB48 F233 4A7A 37
EF 9F0F9385 A527 B7AF 6233 BFEE 16
EF BF39BD87 1C56 1408 E92B 6281 17
EF E35C35C7 1FFB 3656 A7E9 C19C 13
EF FC28D01B 3E82 5009 72EF E966 39
F0 0361DD5D 7E7D BA61 F1C8 33D3 5
F0 C4B7C41E 2783 76F6 3C7B EE90 48
F1 2499CAD2 4886 3DFC AD11 E214 33
F1 5BD51D69 51C4 A9FF C1D1 9671 42
F1 90E07145 2176 B4A4 2D6C 135B 50
F1 957B9BC5 56C8 3BD5 7AB3 A265 14
F1 DFD473BF 6C15 F06F C1B7 8343 16
F1 E104A886 6C81 8AC1 7FFE B0FC 33
F2 4DE38A39 FAB8 71F9 66B0 1653 38
F2 5A478954 0D22 4AE0 B04E CA6B 10
F2 81FBEBC0 AE76 12AD 3B54 AF66 7
F2 E9B28D2D F803 8863 4D61 5424 50
F2 EB49CE86 1D1D A375 7EBA ECEE 8
F3 14887BBE 09B6 FADD 8B49 6FAB 6
F3 2924FE02 E3FB 4CDF C985 3B77 5
F3 4FC7B869 265A 9938 42B2 1F18 42
F3 87A92FE7 D5A5 917B 216B 4927 12
F4 44F2AC0D F175 4E32 F347 2075 36
F4 EFDABB29 E484 6319 0E6E 817A 32
F5 1C5B596E 5EE1 6399 2829 E98D 4
F5 587270F0 4715 10C3 A585 001D 40
F5 5E6C2F42 08DD E041 053B 34B1 29
F5 612AC1B8 B637 4DE7 99B7 08FA 13
F5 62C675B4 8BEF 2513 DEAC 36DB 45
F5 8E59B2EF 3753 CAE5 736F BAE6 6
F6 22967CC7 636C 625E 7BDA 39B8 42
F6 48D1F4A7 9253 BD71 8E6F C6C6 23
F6 BD97E326 8EE4 5807 5CFF DE23 22
F6 E38D9435 8CB7 C8E5 BF02 9A8B 2
F6 EA71D83E B1CF 9A5D 2172 CEED 37
F7 0E21F6BB 7796 4008 C466 E956 32
F7 69170374 0DDB E0B8 6AFD B49C 35
F7 71E16993 6631 7884 E128 2B77 47
F7 C529B7B5 CE72 402C 2CFD 2DD0 29
F8 189E398D 5687 DAB8 D877 E432 25
F8 226E5803 278B F5B2 3592 FD7B 16
F8 2CC92A33 1012 8D8A 95CB 526C 15
F8 5AD0FD83 4D1D 9E7F F4C8 6D41 9
F9 33BB4515 2F9B E45A 4875 0E71 7
F9 55FF4430 7BAF 3452 27A7 008F 12
F9 88620B9C 1FF5 F3D4 FD6B C882 3
F9 A3F7C4F1 70EB FB89 13DF 93E0 10
F9 A73E40DD ECBC ADA7 2EC4 EB4C 14
FA 0CE0666B A041 9084 BA37 074B 22
FA 4B4DAF8F 3743 09DA E48B 20B0 25
FA A88C662F 4048 AD68 4AD8 7B03 16
FA A918FAC6 5E23 3576 41B2 8521 17
FA DD1E2AAA F356 EB2C B65C 0475 14
FB 0F80B74B D1B5 4165 83DA 1625 19
FB 19821404 40C5 4B06 C5C3 8025 20
FB 4767CC03 0137 9D57 CD86 4C26 5
FC 0D495CF0 DBD8 F04C B400 7082 49
FC 1F23AB9A 917C EEF7 F1C4 EB03 24
FC 78161682 7B91 1F39 A3EF 7F3A 34
FC 7F0FFDE0 9AAC EA74 1F43 5493 32
FC BF9DAFCC 9530 1E37 3C47 75AA 6
FD 0AC2D965 5FE9 F599 1C51 A8CE 16
FD 2917CB16 6033 6829 38DC B63D 49
FD 2A9F88BF 21BD 6AE1 5583 547B 35
FD 42FF1A83 4AFB 9605 EBF0 61F9 25
FD 59039039 E86C A3BC 3E54 FE24 6
FD 94F043A9 F466 BF4A BA7E 7B3C 44
FD B8088C8C 237D 0FBE B42B B13C 48
FD FAC4219B 7AC6 D4EE 58B9 00C3 50
FE 71F4BAA8 0127 CC70 E562 4775 49
FE D19A9E1F E30C A82C 066A DD6D 42
FF 05107876 922F D240 4137 479E 19
FF 0872C24A 0E93 C437 75AB 2667 17
FF 093A40BF F93A 09BC 43B8 9224 26
FF 1316AC22 4D58 72B7 8F38 2573 50
FF 17CBFC46 2896 4031 7A23 432E 7
FF 19FAF08D A690 DB06 05A2 AA6C 42
FF 4AFFF615 EC87 997F 4A4E 7A70 23
FF 6E71A6DC 9EA4 A597 2EC7 F571 10
FF E4D87E23 BED4 9D9B EE48 A23C 40
FF FC4C6DE1 AEE7 9F43 6A38 CD2B 42
